#
# There is insufficient memory for the Java Runtime Environment to continue.
# Native memory allocation (malloc) failed to allocate 1630096 bytes for Chunk::new
# Possible reasons:
#   The system is out of physical RAM or swap space
#   The process is running with CompressedOops enabled, and the Java Heap may be blocking the growth of the native heap
# Possible solutions:
#   Reduce memory load on the system
#   Increase physical memory or swap space
#   Check if swap backing store is full
#   Decrease Java heap size (-Xmx/-Xms)
#   Decrease number of Java threads
#   Decrease Java thread stack sizes (-Xss)
#   Set larger code cache with -XX:ReservedCodeCacheSize=
#   JVM is running with Unscaled Compressed Oops mode in which the Java heap is
#     placed in the first 4GB address space. The Java Heap base address is the
#     maximum limit for the native heap growth. Please use -XX:HeapBaseMinAddress
#     to set the Java Heap base and to place the Java Heap above 4GB virtual address.
# This output file may be truncated or incomplete.
#
#  Out of Memory Error (arena.cpp:168), pid=1940, tid=4052
#
# JRE version: Java(TM) SE Runtime Environment (21.0.3+7) (build 21.0.3+7-LTS-152)
# Java VM: Java HotSpot(TM) 64-Bit Server VM (21.0.3+7-LTS-152, mixed mode, sharing, tiered, compressed oops, compressed class ptrs, g1 gc, windows-amd64)
# No core dump will be written. Minidumps are not enabled by default on client versions of Windows
#

---------------  S U M M A R Y ------------

Command Line: --add-opens=java.base/java.util=ALL-UNNAMED --add-opens=java.base/java.lang=ALL-UNNAMED --add-opens=java.base/java.lang.invoke=ALL-UNNAMED --add-opens=java.prefs/java.util.prefs=ALL-UNNAMED --add-exports=jdk.compiler/com.sun.tools.javac.api=ALL-UNNAMED --add-exports=jdk.compiler/com.sun.tools.javac.util=ALL-UNNAMED --add-opens=java.base/java.nio.charset=ALL-UNNAMED --add-opens=java.base/java.net=ALL-UNNAMED --add-opens=java.base/java.util.concurrent.atomic=ALL-UNNAMED -XX:MaxMetaspaceSize=384m -XX:+HeapDumpOnOutOfMemoryError -Xms256m -Xmx512m -Dfile.encoding=windows-1252 -Duser.country=IN -Duser.language=en -Duser.variant -javaagent:C:\Users\Tanvi Shetty\.gradle\wrapper\dists\gradle-8.10.2-bin\a04bxjujx95o3nb99gddekhwo\gradle-8.10.2\lib\agents\gradle-instrumentation-agent-8.10.2.jar org.gradle.launcher.daemon.bootstrap.GradleDaemon 8.10.2

Host: Intel(R) Core(TM) i5-10210U CPU @ 1.60GHz, 8 cores, 7G,  Windows 11 , 64 bit Build 22621 (10.0.22621.3958)
Time: Wed Oct 16 17:20:32 2024 India Standard Time elapsed time: 15.812124 seconds (0d 0h 0m 15s)

---------------  T H R E A D  ---------------

Current thread (0x0000024f27419580):  JavaThread "C2 CompilerThread0" daemon [_thread_in_native, id=4052, stack(0x000000e1f3400000,0x000000e1f3500000) (1024K)]


Current CompileTask:
C2:  15812 3502   !   4       java.lang.ClassLoader::loadClass (121 bytes)

Stack: [0x000000e1f3400000,0x000000e1f3500000]
Native frames: (J=compiled Java code, j=interpreted, Vv=VM code, C=native code)
V  [jvm.dll+0x6c63b9]
V  [jvm.dll+0x84fa11]
V  [jvm.dll+0x851f3e]
V  [jvm.dll+0x852613]
V  [jvm.dll+0x27cd46]
V  [jvm.dll+0xc4aad]
V  [jvm.dll+0xc4fe3]
V  [jvm.dll+0x3b1d22]
V  [jvm.dll+0x1df0e3]
V  [jvm.dll+0x245c92]
V  [jvm.dll+0x24511f]
V  [jvm.dll+0x1c689e]
V  [jvm.dll+0x254609]
V  [jvm.dll+0x252b9a]
V  [jvm.dll+0x3eb056]
V  [jvm.dll+0x7f9ffb]
V  [jvm.dll+0x6c4a9d]
C  [ucrtbase.dll+0x29333]
C  [KERNEL32.DLL+0x1257d]
C  [ntdll.dll+0x5af08]


---------------  P R O C E S S  ---------------

Threads class SMR info:
_java_thread_list=0x0000024f4369aee0, length=37, elements={
0x0000024f0c7fa390, 0x0000024f2740f3b0, 0x0000024f2740ffc0, 0x0000024f27412f20,
0x0000024f27415ef0, 0x0000024f27416950, 0x0000024f274177e0, 0x0000024f27419580,
0x0000024f274262a0, 0x0000024f27634e10, 0x0000024f27748890, 0x0000024f2790b910,
0x0000024f427aad30, 0x0000024f41beffd0, 0x0000024f41c6c020, 0x0000024f41c6c690,
0x0000024f41977fe0, 0x0000024f419ab670, 0x0000024f419a8f10, 0x0000024f419aafe0,
0x0000024f419abd00, 0x0000024f419a95a0, 0x0000024f419ac390, 0x0000024f419a9c30,
0x0000024f419aa2c0, 0x0000024f43d732d0, 0x0000024f43d73ff0, 0x0000024f43d6f130,
0x0000024f43d704e0, 0x0000024f43d6eaa0, 0x0000024f43d72c40, 0x0000024f43d73960,
0x0000024f43d6d060, 0x0000024f43d74680, 0x0000024f43d71890, 0x0000024f43d6d6f0,
0x0000024f43d6f7c0
}

Java Threads: ( => current thread )
  0x0000024f0c7fa390 JavaThread "main"                              [_thread_blocked, id=24776, stack(0x000000e1f2600000,0x000000e1f2700000) (1024K)]
  0x0000024f2740f3b0 JavaThread "Reference Handler"          daemon [_thread_blocked, id=19088, stack(0x000000e1f2e00000,0x000000e1f2f00000) (1024K)]
  0x0000024f2740ffc0 JavaThread "Finalizer"                  daemon [_thread_blocked, id=26472, stack(0x000000e1f2f00000,0x000000e1f3000000) (1024K)]
  0x0000024f27412f20 JavaThread "Signal Dispatcher"          daemon [_thread_blocked, id=9932, stack(0x000000e1f3000000,0x000000e1f3100000) (1024K)]
  0x0000024f27415ef0 JavaThread "Attach Listener"            daemon [_thread_blocked, id=27288, stack(0x000000e1f3100000,0x000000e1f3200000) (1024K)]
  0x0000024f27416950 JavaThread "Service Thread"             daemon [_thread_blocked, id=13244, stack(0x000000e1f3200000,0x000000e1f3300000) (1024K)]
  0x0000024f274177e0 JavaThread "Monitor Deflation Thread"   daemon [_thread_blocked, id=9824, stack(0x000000e1f3300000,0x000000e1f3400000) (1024K)]
=>0x0000024f27419580 JavaThread "C2 CompilerThread0"         daemon [_thread_in_native, id=4052, stack(0x000000e1f3400000,0x000000e1f3500000) (1024K)]
  0x0000024f274262a0 JavaThread "C1 CompilerThread0"         daemon [_thread_blocked, id=5200, stack(0x000000e1f3500000,0x000000e1f3600000) (1024K)]
  0x0000024f27634e10 JavaThread "Common-Cleaner"             daemon [_thread_blocked, id=9332, stack(0x000000e1f3600000,0x000000e1f3700000) (1024K)]
  0x0000024f27748890 JavaThread "Notification Thread"        daemon [_thread_blocked, id=19968, stack(0x000000e1f3700000,0x000000e1f3800000) (1024K)]
  0x0000024f2790b910 JavaThread "Daemon health stats"               [_thread_blocked, id=6020, stack(0x000000e1f3800000,0x000000e1f3900000) (1024K)]
  0x0000024f427aad30 JavaThread "Incoming local TCP Connector on port 65233"        [_thread_in_native, id=3244, stack(0x000000e1f3900000,0x000000e1f3a00000) (1024K)]
  0x0000024f41beffd0 JavaThread "Daemon periodic checks"            [_thread_blocked, id=26536, stack(0x000000e1f4000000,0x000000e1f4100000) (1024K)]
  0x0000024f41c6c020 JavaThread "Daemon"                            [_thread_blocked, id=11908, stack(0x000000e1f3f00000,0x000000e1f4000000) (1024K)]
  0x0000024f41c6c690 JavaThread "Handler for socket connection from /127.0.0.1:65233 to /127.0.0.1:65235"        [_thread_in_native, id=19132, stack(0x000000e1f4100000,0x000000e1f4200000) (1024K)]
  0x0000024f41977fe0 JavaThread "Cancel handler"                    [_thread_blocked, id=14056, stack(0x000000e1f4200000,0x000000e1f4300000) (1024K)]
  0x0000024f419ab670 JavaThread "Daemon worker"                     [_thread_in_vm, id=22860, stack(0x000000e1f4300000,0x000000e1f4400000) (1024K)]
  0x0000024f419a8f10 JavaThread "Asynchronous log dispatcher for DefaultDaemonConnection: socket connection from /127.0.0.1:65233 to /127.0.0.1:65235"        [_thread_blocked, id=23332, stack(0x000000e1f4400000,0x000000e1f4500000) (1024K)]
  0x0000024f419aafe0 JavaThread "Stdin handler"                     [_thread_blocked, id=7816, stack(0x000000e1f4500000,0x000000e1f4600000) (1024K)]
  0x0000024f419abd00 JavaThread "Daemon client event forwarder"        [_thread_blocked, id=23500, stack(0x000000e1f4600000,0x000000e1f4700000) (1024K)]
  0x0000024f419a95a0 JavaThread "Cache worker for journal cache (C:\Users\Tanvi Shetty\.gradle\caches\journal-1)"        [_thread_blocked, id=21588, stack(0x000000e1f4700000,0x000000e1f4800000) (1024K)]
  0x0000024f419ac390 JavaThread "File lock request listener"        [_thread_in_native, id=15800, stack(0x000000e1f4800000,0x000000e1f4900000) (1024K)]
  0x0000024f419a9c30 JavaThread "File lock release action executor"        [_thread_blocked, id=15288, stack(0x000000e1f4900000,0x000000e1f4a00000) (1024K)]
  0x0000024f419aa2c0 JavaThread "Cache worker for file hash cache (C:\Users\Tanvi Shetty\.gradle\caches\8.10.2\fileHashes)"        [_thread_blocked, id=21764, stack(0x000000e1f4a00000,0x000000e1f4b00000) (1024K)]
  0x0000024f43d732d0 JavaThread "Cache worker for file hash cache (C:\Users\Tanvi Shetty\Downloads\cloud-gatewayy\user-service\department-service\.gradle\8.10.2\fileHashes)"        [_thread_blocked, id=25016, stack(0x000000e1f4e00000,0x000000e1f4f00000) (1024K)]
  0x0000024f43d73ff0 JavaThread "Cache worker for Build Output Cleanup Cache (C:\Users\Tanvi Shetty\Downloads\cloud-gatewayy\user-service\department-service\.gradle\buildOutputCleanup)"        [_thread_blocked, id=14996, stack(0x000000e1f4f00000,0x000000e1f5000000) (1024K)]
  0x0000024f43d6f130 JavaThread "File watcher server"        daemon [_thread_in_native, id=22996, stack(0x000000e1f5000000,0x000000e1f5100000) (1024K)]
  0x0000024f43d704e0 JavaThread "File watcher consumer"      daemon [_thread_blocked, id=18520, stack(0x000000e1f5100000,0x000000e1f5200000) (1024K)]
  0x0000024f43d6eaa0 JavaThread "jar transforms"                    [_thread_blocked, id=25740, stack(0x000000e1f5200000,0x000000e1f5300000) (1024K)]
  0x0000024f43d72c40 JavaThread "jar transforms Thread 2"           [_thread_blocked, id=23668, stack(0x000000e1f5300000,0x000000e1f5400000) (1024K)]
  0x0000024f43d73960 JavaThread "jar transforms Thread 3"           [_thread_blocked, id=24480, stack(0x000000e1f5400000,0x000000e1f5500000) (1024K)]
  0x0000024f43d6d060 JavaThread "jar transforms Thread 4"           [_thread_blocked, id=26176, stack(0x000000e1f5500000,0x000000e1f5600000) (1024K)]
  0x0000024f43d74680 JavaThread "jar transforms Thread 5"           [_thread_blocked, id=10488, stack(0x000000e1f5600000,0x000000e1f5700000) (1024K)]
  0x0000024f43d71890 JavaThread "jar transforms Thread 6"           [_thread_blocked, id=26532, stack(0x000000e1f5700000,0x000000e1f5800000) (1024K)]
  0x0000024f43d6d6f0 JavaThread "jar transforms Thread 7"           [_thread_blocked, id=8624, stack(0x000000e1f5800000,0x000000e1f5900000) (1024K)]
  0x0000024f43d6f7c0 JavaThread "jar transforms Thread 8"           [_thread_blocked, id=4292, stack(0x000000e1f5900000,0x000000e1f5a00000) (1024K)]
Total: 37

Other Threads:
  0x0000024f273eea60 VMThread "VM Thread"                           [id=1932, stack(0x000000e1f2d00000,0x000000e1f2e00000) (1024K)]
  0x0000024f273d6290 WatcherThread "VM Periodic Task Thread"        [id=20412, stack(0x000000e1f2c00000,0x000000e1f2d00000) (1024K)]
  0x0000024f0c8235c0 WorkerThread "GC Thread#0"                     [id=18584, stack(0x000000e1f2700000,0x000000e1f2800000) (1024K)]
  0x0000024f41097e90 WorkerThread "GC Thread#1"                     [id=24792, stack(0x000000e1f3a00000,0x000000e1f3b00000) (1024K)]
  0x0000024f41098230 WorkerThread "GC Thread#2"                     [id=21868, stack(0x000000e1f3b00000,0x000000e1f3c00000) (1024K)]
  0x0000024f410985d0 WorkerThread "GC Thread#3"                     [id=16540, stack(0x000000e1f3c00000,0x000000e1f3d00000) (1024K)]
  0x0000024f41098970 WorkerThread "GC Thread#4"                     [id=21420, stack(0x000000e1f3d00000,0x000000e1f3e00000) (1024K)]
  0x0000024f41098d10 WorkerThread "GC Thread#5"                     [id=4768, stack(0x000000e1f3e00000,0x000000e1f3f00000) (1024K)]
  0x0000024f42a057a0 WorkerThread "GC Thread#6"                     [id=10276, stack(0x000000e1f4b00000,0x000000e1f4c00000) (1024K)]
  0x0000024f42a069c0 WorkerThread "GC Thread#7"                     [id=20384, stack(0x000000e1f4c00000,0x000000e1f4d00000) (1024K)]
  0x0000024f0c828cd0 ConcurrentGCThread "G1 Main Marker"            [id=25364, stack(0x000000e1f2800000,0x000000e1f2900000) (1024K)]
  0x0000024f0c829820 WorkerThread "G1 Conc#0"                       [id=24496, stack(0x000000e1f2900000,0x000000e1f2a00000) (1024K)]
  0x0000024f42a05060 WorkerThread "G1 Conc#1"                       [id=12800, stack(0x000000e1f4d00000,0x000000e1f4e00000) (1024K)]
  0x0000024f272a9190 ConcurrentGCThread "G1 Refine#0"               [id=12912, stack(0x000000e1f2a00000,0x000000e1f2b00000) (1024K)]
  0x0000024f272a9ba0 ConcurrentGCThread "G1 Service"                [id=13084, stack(0x000000e1f2b00000,0x000000e1f2c00000) (1024K)]
Total: 15

Threads with active compile tasks:
C2 CompilerThread0    15892 3502   !   4       java.lang.ClassLoader::loadClass (121 bytes)
Total: 1

VM state: not at safepoint (normal execution)

VM Mutex/Monitor currently owned by a thread: None

Heap address: 0x00000000e0000000, size: 512 MB, Compressed Oops mode: 32-bit

CDS archive(s) mapped at: [0x0000024f28000000-0x0000024f28c90000-0x0000024f28c90000), size 13172736, SharedBaseAddress: 0x0000024f28000000, ArchiveRelocationMode: 1.
Compressed class space mapped at: 0x0000024f29000000-0x0000024f3d000000, reserved size: 335544320
Narrow klass base: 0x0000024f28000000, Narrow klass shift: 0, Narrow klass range: 0x100000000

GC Precious Log:
 CardTable entry size: 512
 Card Set container configuration: InlinePtr #cards 5 size 8 Array Of Cards #cards 12 size 40 Howl #buckets 4 coarsen threshold 1843 Howl Bitmap #cards 512 size 80 coarsen threshold 460 Card regions per heap region 1 cards per card region 2048
 CPUs: 8 total, 8 available
 Memory: 8014M
 Large Page Support: Disabled
 NUMA Support: Disabled
 Compressed Oops: Enabled (32-bit)
 Heap Region Size: 1M
 Heap Min Capacity: 256M
 Heap Initial Capacity: 256M
 Heap Max Capacity: 512M
 Pre-touch: Disabled
 Parallel Workers: 8
 Concurrent Workers: 2
 Concurrent Refinement Workers: 8
 Periodic GC: Disabled

Heap:
 garbage-first heap   total 262144K, used 80619K [0x00000000e0000000, 0x0000000100000000)
  region size 1024K, 59 young (60416K), 12 survivors (12288K)
 Metaspace       used 26460K, committed 27392K, reserved 393216K
  class space    used 3918K, committed 4352K, reserved 327680K

Heap Regions: E=young(eden), S=young(survivor), O=old, HS=humongous(starts), HC=humongous(continues), CS=collection set, F=free, TAMS=top-at-mark-start, PB=parsable bottom
|   0|0x00000000e0000000, 0x00000000e0100000, 0x00000000e0100000|100%| O|Cm|TAMS 0x00000000e0000000| PB 0x00000000e0000000| Complete 
|   1|0x00000000e0100000, 0x00000000e0200000, 0x00000000e0200000|100%| O|  |TAMS 0x00000000e0100000| PB 0x00000000e0100000| Untracked 
|   2|0x00000000e0200000, 0x00000000e0300000, 0x00000000e0300000|100%|HS|  |TAMS 0x00000000e0200000| PB 0x00000000e0200000| Complete 
|   3|0x00000000e0300000, 0x00000000e0400000, 0x00000000e0400000|100%|HC|  |TAMS 0x00000000e0300000| PB 0x00000000e0300000| Complete 
|   4|0x00000000e0400000, 0x00000000e0500000, 0x00000000e0500000|100%|HC|  |TAMS 0x00000000e0400000| PB 0x00000000e0400000| Complete 
|   5|0x00000000e0500000, 0x00000000e0600000, 0x00000000e0600000|100%|HC|  |TAMS 0x00000000e0500000| PB 0x00000000e0500000| Complete 
|   6|0x00000000e0600000, 0x00000000e0700000, 0x00000000e0700000|100%| O|  |TAMS 0x00000000e0600000| PB 0x00000000e0600000| Untracked 
|   7|0x00000000e0700000, 0x00000000e0800000, 0x00000000e0800000|100%| O|  |TAMS 0x00000000e0700000| PB 0x00000000e0700000| Untracked 
|   8|0x00000000e0800000, 0x00000000e0900000, 0x00000000e0900000|100%| O|  |TAMS 0x00000000e0800000| PB 0x00000000e0800000| Untracked 
|   9|0x00000000e0900000, 0x00000000e0a00000, 0x00000000e0a00000|100%|HS|  |TAMS 0x00000000e0900000| PB 0x00000000e0900000| Complete 
|  10|0x00000000e0a00000, 0x00000000e0a00000, 0x00000000e0b00000|  0%| F|  |TAMS 0x00000000e0a00000| PB 0x00000000e0a00000| Untracked 
|  11|0x00000000e0b00000, 0x00000000e0c00000, 0x00000000e0c00000|100%| O|  |TAMS 0x00000000e0b00000| PB 0x00000000e0b00000| Untracked 
|  12|0x00000000e0c00000, 0x00000000e0d00000, 0x00000000e0d00000|100%| O|  |TAMS 0x00000000e0c00000| PB 0x00000000e0c00000| Untracked 
|  13|0x00000000e0d00000, 0x00000000e0de42b8, 0x00000000e0e00000| 89%| O|  |TAMS 0x00000000e0d00000| PB 0x00000000e0d00000| Untracked 
|  14|0x00000000e0e00000, 0x00000000e0f00000, 0x00000000e0f00000|100%|HS|  |TAMS 0x00000000e0e00000| PB 0x00000000e0e00000| Complete 
|  15|0x00000000e0f00000, 0x00000000e1000000, 0x00000000e1000000|100%|HC|  |TAMS 0x00000000e0f00000| PB 0x00000000e0f00000| Complete 
|  16|0x00000000e1000000, 0x00000000e1100000, 0x00000000e1100000|100%|HC|  |TAMS 0x00000000e1000000| PB 0x00000000e1000000| Complete 
|  17|0x00000000e1100000, 0x00000000e1200000, 0x00000000e1200000|100%|HC|  |TAMS 0x00000000e1100000| PB 0x00000000e1100000| Complete 
|  18|0x00000000e1200000, 0x00000000e1300000, 0x00000000e1300000|100%|HC|  |TAMS 0x00000000e1200000| PB 0x00000000e1200000| Complete 
|  19|0x00000000e1300000, 0x00000000e1400000, 0x00000000e1400000|100%|HS|  |TAMS 0x00000000e1300000| PB 0x00000000e1300000| Complete 
|  20|0x00000000e1400000, 0x00000000e1500000, 0x00000000e1500000|100%|HC|  |TAMS 0x00000000e1400000| PB 0x00000000e1400000| Complete 
|  21|0x00000000e1500000, 0x00000000e1600000, 0x00000000e1600000|100%|HC|  |TAMS 0x00000000e1500000| PB 0x00000000e1500000| Complete 
|  22|0x00000000e1600000, 0x00000000e1600000, 0x00000000e1700000|  0%| F|  |TAMS 0x00000000e1600000| PB 0x00000000e1600000| Untracked 
|  23|0x00000000e1700000, 0x00000000e1700000, 0x00000000e1800000|  0%| F|  |TAMS 0x00000000e1700000| PB 0x00000000e1700000| Untracked 
|  24|0x00000000e1800000, 0x00000000e1800000, 0x00000000e1900000|  0%| F|  |TAMS 0x00000000e1800000| PB 0x00000000e1800000| Untracked 
|  25|0x00000000e1900000, 0x00000000e1900000, 0x00000000e1a00000|  0%| F|  |TAMS 0x00000000e1900000| PB 0x00000000e1900000| Untracked 
|  26|0x00000000e1a00000, 0x00000000e1a00000, 0x00000000e1b00000|  0%| F|  |TAMS 0x00000000e1a00000| PB 0x00000000e1a00000| Untracked 
|  27|0x00000000e1b00000, 0x00000000e1b00000, 0x00000000e1c00000|  0%| F|  |TAMS 0x00000000e1b00000| PB 0x00000000e1b00000| Untracked 
|  28|0x00000000e1c00000, 0x00000000e1c00000, 0x00000000e1d00000|  0%| F|  |TAMS 0x00000000e1c00000| PB 0x00000000e1c00000| Untracked 
|  29|0x00000000e1d00000, 0x00000000e1d00000, 0x00000000e1e00000|  0%| F|  |TAMS 0x00000000e1d00000| PB 0x00000000e1d00000| Untracked 
|  30|0x00000000e1e00000, 0x00000000e1e00000, 0x00000000e1f00000|  0%| F|  |TAMS 0x00000000e1e00000| PB 0x00000000e1e00000| Untracked 
|  31|0x00000000e1f00000, 0x00000000e1f00000, 0x00000000e2000000|  0%| F|  |TAMS 0x00000000e1f00000| PB 0x00000000e1f00000| Untracked 
|  32|0x00000000e2000000, 0x00000000e2000000, 0x00000000e2100000|  0%| F|  |TAMS 0x00000000e2000000| PB 0x00000000e2000000| Untracked 
|  33|0x00000000e2100000, 0x00000000e2100000, 0x00000000e2200000|  0%| F|  |TAMS 0x00000000e2100000| PB 0x00000000e2100000| Untracked 
|  34|0x00000000e2200000, 0x00000000e2200000, 0x00000000e2300000|  0%| F|  |TAMS 0x00000000e2200000| PB 0x00000000e2200000| Untracked 
|  35|0x00000000e2300000, 0x00000000e2300000, 0x00000000e2400000|  0%| F|  |TAMS 0x00000000e2300000| PB 0x00000000e2300000| Untracked 
|  36|0x00000000e2400000, 0x00000000e2400000, 0x00000000e2500000|  0%| F|  |TAMS 0x00000000e2400000| PB 0x00000000e2400000| Untracked 
|  37|0x00000000e2500000, 0x00000000e2500000, 0x00000000e2600000|  0%| F|  |TAMS 0x00000000e2500000| PB 0x00000000e2500000| Untracked 
|  38|0x00000000e2600000, 0x00000000e2600000, 0x00000000e2700000|  0%| F|  |TAMS 0x00000000e2600000| PB 0x00000000e2600000| Untracked 
|  39|0x00000000e2700000, 0x00000000e2700000, 0x00000000e2800000|  0%| F|  |TAMS 0x00000000e2700000| PB 0x00000000e2700000| Untracked 
|  40|0x00000000e2800000, 0x00000000e2800000, 0x00000000e2900000|  0%| F|  |TAMS 0x00000000e2800000| PB 0x00000000e2800000| Untracked 
|  41|0x00000000e2900000, 0x00000000e2900000, 0x00000000e2a00000|  0%| F|  |TAMS 0x00000000e2900000| PB 0x00000000e2900000| Untracked 
|  42|0x00000000e2a00000, 0x00000000e2a00000, 0x00000000e2b00000|  0%| F|  |TAMS 0x00000000e2a00000| PB 0x00000000e2a00000| Untracked 
|  43|0x00000000e2b00000, 0x00000000e2b00000, 0x00000000e2c00000|  0%| F|  |TAMS 0x00000000e2b00000| PB 0x00000000e2b00000| Untracked 
|  44|0x00000000e2c00000, 0x00000000e2c00000, 0x00000000e2d00000|  0%| F|  |TAMS 0x00000000e2c00000| PB 0x00000000e2c00000| Untracked 
|  45|0x00000000e2d00000, 0x00000000e2d00000, 0x00000000e2e00000|  0%| F|  |TAMS 0x00000000e2d00000| PB 0x00000000e2d00000| Untracked 
|  46|0x00000000e2e00000, 0x00000000e2e00000, 0x00000000e2f00000|  0%| F|  |TAMS 0x00000000e2e00000| PB 0x00000000e2e00000| Untracked 
|  47|0x00000000e2f00000, 0x00000000e2f00000, 0x00000000e3000000|  0%| F|  |TAMS 0x00000000e2f00000| PB 0x00000000e2f00000| Untracked 
|  48|0x00000000e3000000, 0x00000000e3000000, 0x00000000e3100000|  0%| F|  |TAMS 0x00000000e3000000| PB 0x00000000e3000000| Untracked 
|  49|0x00000000e3100000, 0x00000000e3100000, 0x00000000e3200000|  0%| F|  |TAMS 0x00000000e3100000| PB 0x00000000e3100000| Untracked 
|  50|0x00000000e3200000, 0x00000000e3200000, 0x00000000e3300000|  0%| F|  |TAMS 0x00000000e3200000| PB 0x00000000e3200000| Untracked 
|  51|0x00000000e3300000, 0x00000000e3300000, 0x00000000e3400000|  0%| F|  |TAMS 0x00000000e3300000| PB 0x00000000e3300000| Untracked 
|  52|0x00000000e3400000, 0x00000000e3400000, 0x00000000e3500000|  0%| F|  |TAMS 0x00000000e3400000| PB 0x00000000e3400000| Untracked 
|  53|0x00000000e3500000, 0x00000000e3500000, 0x00000000e3600000|  0%| F|  |TAMS 0x00000000e3500000| PB 0x00000000e3500000| Untracked 
|  54|0x00000000e3600000, 0x00000000e3600000, 0x00000000e3700000|  0%| F|  |TAMS 0x00000000e3600000| PB 0x00000000e3600000| Untracked 
|  55|0x00000000e3700000, 0x00000000e3700000, 0x00000000e3800000|  0%| F|  |TAMS 0x00000000e3700000| PB 0x00000000e3700000| Untracked 
|  56|0x00000000e3800000, 0x00000000e3800000, 0x00000000e3900000|  0%| F|  |TAMS 0x00000000e3800000| PB 0x00000000e3800000| Untracked 
|  57|0x00000000e3900000, 0x00000000e3900000, 0x00000000e3a00000|  0%| F|  |TAMS 0x00000000e3900000| PB 0x00000000e3900000| Untracked 
|  58|0x00000000e3a00000, 0x00000000e3a00000, 0x00000000e3b00000|  0%| F|  |TAMS 0x00000000e3a00000| PB 0x00000000e3a00000| Untracked 
|  59|0x00000000e3b00000, 0x00000000e3b00000, 0x00000000e3c00000|  0%| F|  |TAMS 0x00000000e3b00000| PB 0x00000000e3b00000| Untracked 
|  60|0x00000000e3c00000, 0x00000000e3c00000, 0x00000000e3d00000|  0%| F|  |TAMS 0x00000000e3c00000| PB 0x00000000e3c00000| Untracked 
|  61|0x00000000e3d00000, 0x00000000e3d00000, 0x00000000e3e00000|  0%| F|  |TAMS 0x00000000e3d00000| PB 0x00000000e3d00000| Untracked 
|  62|0x00000000e3e00000, 0x00000000e3e00000, 0x00000000e3f00000|  0%| F|  |TAMS 0x00000000e3e00000| PB 0x00000000e3e00000| Untracked 
|  63|0x00000000e3f00000, 0x00000000e3f00000, 0x00000000e4000000|  0%| F|  |TAMS 0x00000000e3f00000| PB 0x00000000e3f00000| Untracked 
|  64|0x00000000e4000000, 0x00000000e4000000, 0x00000000e4100000|  0%| F|  |TAMS 0x00000000e4000000| PB 0x00000000e4000000| Untracked 
|  65|0x00000000e4100000, 0x00000000e4100000, 0x00000000e4200000|  0%| F|  |TAMS 0x00000000e4100000| PB 0x00000000e4100000| Untracked 
|  66|0x00000000e4200000, 0x00000000e4200000, 0x00000000e4300000|  0%| F|  |TAMS 0x00000000e4200000| PB 0x00000000e4200000| Untracked 
|  67|0x00000000e4300000, 0x00000000e4300000, 0x00000000e4400000|  0%| F|  |TAMS 0x00000000e4300000| PB 0x00000000e4300000| Untracked 
|  68|0x00000000e4400000, 0x00000000e4400000, 0x00000000e4500000|  0%| F|  |TAMS 0x00000000e4400000| PB 0x00000000e4400000| Untracked 
|  69|0x00000000e4500000, 0x00000000e4500000, 0x00000000e4600000|  0%| F|  |TAMS 0x00000000e4500000| PB 0x00000000e4500000| Untracked 
|  70|0x00000000e4600000, 0x00000000e4600000, 0x00000000e4700000|  0%| F|  |TAMS 0x00000000e4600000| PB 0x00000000e4600000| Untracked 
|  71|0x00000000e4700000, 0x00000000e4700000, 0x00000000e4800000|  0%| F|  |TAMS 0x00000000e4700000| PB 0x00000000e4700000| Untracked 
|  72|0x00000000e4800000, 0x00000000e4800000, 0x00000000e4900000|  0%| F|  |TAMS 0x00000000e4800000| PB 0x00000000e4800000| Untracked 
|  73|0x00000000e4900000, 0x00000000e4900000, 0x00000000e4a00000|  0%| F|  |TAMS 0x00000000e4900000| PB 0x00000000e4900000| Untracked 
|  74|0x00000000e4a00000, 0x00000000e4a00000, 0x00000000e4b00000|  0%| F|  |TAMS 0x00000000e4a00000| PB 0x00000000e4a00000| Untracked 
|  75|0x00000000e4b00000, 0x00000000e4b00000, 0x00000000e4c00000|  0%| F|  |TAMS 0x00000000e4b00000| PB 0x00000000e4b00000| Untracked 
|  76|0x00000000e4c00000, 0x00000000e4c00000, 0x00000000e4d00000|  0%| F|  |TAMS 0x00000000e4c00000| PB 0x00000000e4c00000| Untracked 
|  77|0x00000000e4d00000, 0x00000000e4d00000, 0x00000000e4e00000|  0%| F|  |TAMS 0x00000000e4d00000| PB 0x00000000e4d00000| Untracked 
|  78|0x00000000e4e00000, 0x00000000e4e00000, 0x00000000e4f00000|  0%| F|  |TAMS 0x00000000e4e00000| PB 0x00000000e4e00000| Untracked 
|  79|0x00000000e4f00000, 0x00000000e4f00000, 0x00000000e5000000|  0%| F|  |TAMS 0x00000000e4f00000| PB 0x00000000e4f00000| Untracked 
|  80|0x00000000e5000000, 0x00000000e5000000, 0x00000000e5100000|  0%| F|  |TAMS 0x00000000e5000000| PB 0x00000000e5000000| Untracked 
|  81|0x00000000e5100000, 0x00000000e5100000, 0x00000000e5200000|  0%| F|  |TAMS 0x00000000e5100000| PB 0x00000000e5100000| Untracked 
|  82|0x00000000e5200000, 0x00000000e5200000, 0x00000000e5300000|  0%| F|  |TAMS 0x00000000e5200000| PB 0x00000000e5200000| Untracked 
|  83|0x00000000e5300000, 0x00000000e5300000, 0x00000000e5400000|  0%| F|  |TAMS 0x00000000e5300000| PB 0x00000000e5300000| Untracked 
|  84|0x00000000e5400000, 0x00000000e5400000, 0x00000000e5500000|  0%| F|  |TAMS 0x00000000e5400000| PB 0x00000000e5400000| Untracked 
|  85|0x00000000e5500000, 0x00000000e5500000, 0x00000000e5600000|  0%| F|  |TAMS 0x00000000e5500000| PB 0x00000000e5500000| Untracked 
|  86|0x00000000e5600000, 0x00000000e5600000, 0x00000000e5700000|  0%| F|  |TAMS 0x00000000e5600000| PB 0x00000000e5600000| Untracked 
|  87|0x00000000e5700000, 0x00000000e5700000, 0x00000000e5800000|  0%| F|  |TAMS 0x00000000e5700000| PB 0x00000000e5700000| Untracked 
|  88|0x00000000e5800000, 0x00000000e5800000, 0x00000000e5900000|  0%| F|  |TAMS 0x00000000e5800000| PB 0x00000000e5800000| Untracked 
|  89|0x00000000e5900000, 0x00000000e5900000, 0x00000000e5a00000|  0%| F|  |TAMS 0x00000000e5900000| PB 0x00000000e5900000| Untracked 
|  90|0x00000000e5a00000, 0x00000000e5a00000, 0x00000000e5b00000|  0%| F|  |TAMS 0x00000000e5a00000| PB 0x00000000e5a00000| Untracked 
|  91|0x00000000e5b00000, 0x00000000e5b00000, 0x00000000e5c00000|  0%| F|  |TAMS 0x00000000e5b00000| PB 0x00000000e5b00000| Untracked 
|  92|0x00000000e5c00000, 0x00000000e5c00000, 0x00000000e5d00000|  0%| F|  |TAMS 0x00000000e5c00000| PB 0x00000000e5c00000| Untracked 
|  93|0x00000000e5d00000, 0x00000000e5d00000, 0x00000000e5e00000|  0%| F|  |TAMS 0x00000000e5d00000| PB 0x00000000e5d00000| Untracked 
|  94|0x00000000e5e00000, 0x00000000e5e00000, 0x00000000e5f00000|  0%| F|  |TAMS 0x00000000e5e00000| PB 0x00000000e5e00000| Untracked 
|  95|0x00000000e5f00000, 0x00000000e5f00000, 0x00000000e6000000|  0%| F|  |TAMS 0x00000000e5f00000| PB 0x00000000e5f00000| Untracked 
|  96|0x00000000e6000000, 0x00000000e6000000, 0x00000000e6100000|  0%| F|  |TAMS 0x00000000e6000000| PB 0x00000000e6000000| Untracked 
|  97|0x00000000e6100000, 0x00000000e6100000, 0x00000000e6200000|  0%| F|  |TAMS 0x00000000e6100000| PB 0x00000000e6100000| Untracked 
|  98|0x00000000e6200000, 0x00000000e6200000, 0x00000000e6300000|  0%| F|  |TAMS 0x00000000e6200000| PB 0x00000000e6200000| Untracked 
|  99|0x00000000e6300000, 0x00000000e6300000, 0x00000000e6400000|  0%| F|  |TAMS 0x00000000e6300000| PB 0x00000000e6300000| Untracked 
| 100|0x00000000e6400000, 0x00000000e6400000, 0x00000000e6500000|  0%| F|  |TAMS 0x00000000e6400000| PB 0x00000000e6400000| Untracked 
| 101|0x00000000e6500000, 0x00000000e6500000, 0x00000000e6600000|  0%| F|  |TAMS 0x00000000e6500000| PB 0x00000000e6500000| Untracked 
| 102|0x00000000e6600000, 0x00000000e6600000, 0x00000000e6700000|  0%| F|  |TAMS 0x00000000e6600000| PB 0x00000000e6600000| Untracked 
| 103|0x00000000e6700000, 0x00000000e6700000, 0x00000000e6800000|  0%| F|  |TAMS 0x00000000e6700000| PB 0x00000000e6700000| Untracked 
| 104|0x00000000e6800000, 0x00000000e6800000, 0x00000000e6900000|  0%| F|  |TAMS 0x00000000e6800000| PB 0x00000000e6800000| Untracked 
| 105|0x00000000e6900000, 0x00000000e6900000, 0x00000000e6a00000|  0%| F|  |TAMS 0x00000000e6900000| PB 0x00000000e6900000| Untracked 
| 106|0x00000000e6a00000, 0x00000000e6a00000, 0x00000000e6b00000|  0%| F|  |TAMS 0x00000000e6a00000| PB 0x00000000e6a00000| Untracked 
| 107|0x00000000e6b00000, 0x00000000e6b00000, 0x00000000e6c00000|  0%| F|  |TAMS 0x00000000e6b00000| PB 0x00000000e6b00000| Untracked 
| 108|0x00000000e6c00000, 0x00000000e6c00000, 0x00000000e6d00000|  0%| F|  |TAMS 0x00000000e6c00000| PB 0x00000000e6c00000| Untracked 
| 109|0x00000000e6d00000, 0x00000000e6d00000, 0x00000000e6e00000|  0%| F|  |TAMS 0x00000000e6d00000| PB 0x00000000e6d00000| Untracked 
| 110|0x00000000e6e00000, 0x00000000e6e00000, 0x00000000e6f00000|  0%| F|  |TAMS 0x00000000e6e00000| PB 0x00000000e6e00000| Untracked 
| 111|0x00000000e6f00000, 0x00000000e6f00000, 0x00000000e7000000|  0%| F|  |TAMS 0x00000000e6f00000| PB 0x00000000e6f00000| Untracked 
| 112|0x00000000e7000000, 0x00000000e7000000, 0x00000000e7100000|  0%| F|  |TAMS 0x00000000e7000000| PB 0x00000000e7000000| Untracked 
| 113|0x00000000e7100000, 0x00000000e7100000, 0x00000000e7200000|  0%| F|  |TAMS 0x00000000e7100000| PB 0x00000000e7100000| Untracked 
| 114|0x00000000e7200000, 0x00000000e7200000, 0x00000000e7300000|  0%| F|  |TAMS 0x00000000e7200000| PB 0x00000000e7200000| Untracked 
| 115|0x00000000e7300000, 0x00000000e7300000, 0x00000000e7400000|  0%| F|  |TAMS 0x00000000e7300000| PB 0x00000000e7300000| Untracked 
| 116|0x00000000e7400000, 0x00000000e7400000, 0x00000000e7500000|  0%| F|  |TAMS 0x00000000e7400000| PB 0x00000000e7400000| Untracked 
| 117|0x00000000e7500000, 0x00000000e7500000, 0x00000000e7600000|  0%| F|  |TAMS 0x00000000e7500000| PB 0x00000000e7500000| Untracked 
| 118|0x00000000e7600000, 0x00000000e7600000, 0x00000000e7700000|  0%| F|  |TAMS 0x00000000e7600000| PB 0x00000000e7600000| Untracked 
| 119|0x00000000e7700000, 0x00000000e7700000, 0x00000000e7800000|  0%| F|  |TAMS 0x00000000e7700000| PB 0x00000000e7700000| Untracked 
| 120|0x00000000e7800000, 0x00000000e7800000, 0x00000000e7900000|  0%| F|  |TAMS 0x00000000e7800000| PB 0x00000000e7800000| Untracked 
| 121|0x00000000e7900000, 0x00000000e7900000, 0x00000000e7a00000|  0%| F|  |TAMS 0x00000000e7900000| PB 0x00000000e7900000| Untracked 
| 122|0x00000000e7a00000, 0x00000000e7a00000, 0x00000000e7b00000|  0%| F|  |TAMS 0x00000000e7a00000| PB 0x00000000e7a00000| Untracked 
| 123|0x00000000e7b00000, 0x00000000e7b00000, 0x00000000e7c00000|  0%| F|  |TAMS 0x00000000e7b00000| PB 0x00000000e7b00000| Untracked 
| 124|0x00000000e7c00000, 0x00000000e7c00000, 0x00000000e7d00000|  0%| F|  |TAMS 0x00000000e7c00000| PB 0x00000000e7c00000| Untracked 
| 125|0x00000000e7d00000, 0x00000000e7d00000, 0x00000000e7e00000|  0%| F|  |TAMS 0x00000000e7d00000| PB 0x00000000e7d00000| Untracked 
| 126|0x00000000e7e00000, 0x00000000e7e00000, 0x00000000e7f00000|  0%| F|  |TAMS 0x00000000e7e00000| PB 0x00000000e7e00000| Untracked 
| 127|0x00000000e7f00000, 0x00000000e7f00000, 0x00000000e8000000|  0%| F|  |TAMS 0x00000000e7f00000| PB 0x00000000e7f00000| Untracked 
| 128|0x00000000e8000000, 0x00000000e8000000, 0x00000000e8100000|  0%| F|  |TAMS 0x00000000e8000000| PB 0x00000000e8000000| Untracked 
| 129|0x00000000e8100000, 0x00000000e8100000, 0x00000000e8200000|  0%| F|  |TAMS 0x00000000e8100000| PB 0x00000000e8100000| Untracked 
| 130|0x00000000e8200000, 0x00000000e8200000, 0x00000000e8300000|  0%| F|  |TAMS 0x00000000e8200000| PB 0x00000000e8200000| Untracked 
| 131|0x00000000e8300000, 0x00000000e8300000, 0x00000000e8400000|  0%| F|  |TAMS 0x00000000e8300000| PB 0x00000000e8300000| Untracked 
| 132|0x00000000e8400000, 0x00000000e8400000, 0x00000000e8500000|  0%| F|  |TAMS 0x00000000e8400000| PB 0x00000000e8400000| Untracked 
| 133|0x00000000e8500000, 0x00000000e8500000, 0x00000000e8600000|  0%| F|  |TAMS 0x00000000e8500000| PB 0x00000000e8500000| Untracked 
| 134|0x00000000e8600000, 0x00000000e8600000, 0x00000000e8700000|  0%| F|  |TAMS 0x00000000e8600000| PB 0x00000000e8600000| Untracked 
| 135|0x00000000e8700000, 0x00000000e8700000, 0x00000000e8800000|  0%| F|  |TAMS 0x00000000e8700000| PB 0x00000000e8700000| Untracked 
| 136|0x00000000e8800000, 0x00000000e8800000, 0x00000000e8900000|  0%| F|  |TAMS 0x00000000e8800000| PB 0x00000000e8800000| Untracked 
| 137|0x00000000e8900000, 0x00000000e8900000, 0x00000000e8a00000|  0%| F|  |TAMS 0x00000000e8900000| PB 0x00000000e8900000| Untracked 
| 138|0x00000000e8a00000, 0x00000000e8a00000, 0x00000000e8b00000|  0%| F|  |TAMS 0x00000000e8a00000| PB 0x00000000e8a00000| Untracked 
| 139|0x00000000e8b00000, 0x00000000e8b00000, 0x00000000e8c00000|  0%| F|  |TAMS 0x00000000e8b00000| PB 0x00000000e8b00000| Untracked 
| 140|0x00000000e8c00000, 0x00000000e8c00000, 0x00000000e8d00000|  0%| F|  |TAMS 0x00000000e8c00000| PB 0x00000000e8c00000| Untracked 
| 141|0x00000000e8d00000, 0x00000000e8d00000, 0x00000000e8e00000|  0%| F|  |TAMS 0x00000000e8d00000| PB 0x00000000e8d00000| Untracked 
| 142|0x00000000e8e00000, 0x00000000e8e00000, 0x00000000e8f00000|  0%| F|  |TAMS 0x00000000e8e00000| PB 0x00000000e8e00000| Untracked 
| 143|0x00000000e8f00000, 0x00000000e8f00000, 0x00000000e9000000|  0%| F|  |TAMS 0x00000000e8f00000| PB 0x00000000e8f00000| Untracked 
| 144|0x00000000e9000000, 0x00000000e9000000, 0x00000000e9100000|  0%| F|  |TAMS 0x00000000e9000000| PB 0x00000000e9000000| Untracked 
| 145|0x00000000e9100000, 0x00000000e9100000, 0x00000000e9200000|  0%| F|  |TAMS 0x00000000e9100000| PB 0x00000000e9100000| Untracked 
| 146|0x00000000e9200000, 0x00000000e9200000, 0x00000000e9300000|  0%| F|  |TAMS 0x00000000e9200000| PB 0x00000000e9200000| Untracked 
| 147|0x00000000e9300000, 0x00000000e9300000, 0x00000000e9400000|  0%| F|  |TAMS 0x00000000e9300000| PB 0x00000000e9300000| Untracked 
| 148|0x00000000e9400000, 0x00000000e9400000, 0x00000000e9500000|  0%| F|  |TAMS 0x00000000e9400000| PB 0x00000000e9400000| Untracked 
| 149|0x00000000e9500000, 0x00000000e9500000, 0x00000000e9600000|  0%| F|  |TAMS 0x00000000e9500000| PB 0x00000000e9500000| Untracked 
| 150|0x00000000e9600000, 0x00000000e9600000, 0x00000000e9700000|  0%| F|  |TAMS 0x00000000e9600000| PB 0x00000000e9600000| Untracked 
| 151|0x00000000e9700000, 0x00000000e9700000, 0x00000000e9800000|  0%| F|  |TAMS 0x00000000e9700000| PB 0x00000000e9700000| Untracked 
| 152|0x00000000e9800000, 0x00000000e9800000, 0x00000000e9900000|  0%| F|  |TAMS 0x00000000e9800000| PB 0x00000000e9800000| Untracked 
| 153|0x00000000e9900000, 0x00000000e9900000, 0x00000000e9a00000|  0%| F|  |TAMS 0x00000000e9900000| PB 0x00000000e9900000| Untracked 
| 154|0x00000000e9a00000, 0x00000000e9ad6b78, 0x00000000e9b00000| 83%| S|CS|TAMS 0x00000000e9a00000| PB 0x00000000e9a00000| Complete 
| 155|0x00000000e9b00000, 0x00000000e9c00000, 0x00000000e9c00000|100%| S|CS|TAMS 0x00000000e9b00000| PB 0x00000000e9b00000| Complete 
| 156|0x00000000e9c00000, 0x00000000e9d00000, 0x00000000e9d00000|100%| S|CS|TAMS 0x00000000e9c00000| PB 0x00000000e9c00000| Complete 
| 157|0x00000000e9d00000, 0x00000000e9e00000, 0x00000000e9e00000|100%| S|CS|TAMS 0x00000000e9d00000| PB 0x00000000e9d00000| Complete 
| 158|0x00000000e9e00000, 0x00000000e9f00000, 0x00000000e9f00000|100%| S|CS|TAMS 0x00000000e9e00000| PB 0x00000000e9e00000| Complete 
| 159|0x00000000e9f00000, 0x00000000ea000000, 0x00000000ea000000|100%| S|CS|TAMS 0x00000000e9f00000| PB 0x00000000e9f00000| Complete 
| 160|0x00000000ea000000, 0x00000000ea100000, 0x00000000ea100000|100%| S|CS|TAMS 0x00000000ea000000| PB 0x00000000ea000000| Complete 
| 161|0x00000000ea100000, 0x00000000ea200000, 0x00000000ea200000|100%| S|CS|TAMS 0x00000000ea100000| PB 0x00000000ea100000| Complete 
| 162|0x00000000ea200000, 0x00000000ea300000, 0x00000000ea300000|100%| S|CS|TAMS 0x00000000ea200000| PB 0x00000000ea200000| Complete 
| 163|0x00000000ea300000, 0x00000000ea400000, 0x00000000ea400000|100%| S|CS|TAMS 0x00000000ea300000| PB 0x00000000ea300000| Complete 
| 164|0x00000000ea400000, 0x00000000ea500000, 0x00000000ea500000|100%| S|CS|TAMS 0x00000000ea400000| PB 0x00000000ea400000| Complete 
| 165|0x00000000ea500000, 0x00000000ea600000, 0x00000000ea600000|100%| S|CS|TAMS 0x00000000ea500000| PB 0x00000000ea500000| Complete 
| 166|0x00000000ea600000, 0x00000000ea600000, 0x00000000ea700000|  0%| F|  |TAMS 0x00000000ea600000| PB 0x00000000ea600000| Untracked 
| 167|0x00000000ea700000, 0x00000000ea700000, 0x00000000ea800000|  0%| F|  |TAMS 0x00000000ea700000| PB 0x00000000ea700000| Untracked 
| 168|0x00000000ea800000, 0x00000000ea800000, 0x00000000ea900000|  0%| F|  |TAMS 0x00000000ea800000| PB 0x00000000ea800000| Untracked 
| 169|0x00000000ea900000, 0x00000000ea900000, 0x00000000eaa00000|  0%| F|  |TAMS 0x00000000ea900000| PB 0x00000000ea900000| Untracked 
| 170|0x00000000eaa00000, 0x00000000eaa00000, 0x00000000eab00000|  0%| F|  |TAMS 0x00000000eaa00000| PB 0x00000000eaa00000| Untracked 
| 171|0x00000000eab00000, 0x00000000eab00000, 0x00000000eac00000|  0%| F|  |TAMS 0x00000000eab00000| PB 0x00000000eab00000| Untracked 
| 172|0x00000000eac00000, 0x00000000eac00000, 0x00000000ead00000|  0%| F|  |TAMS 0x00000000eac00000| PB 0x00000000eac00000| Untracked 
| 173|0x00000000ead00000, 0x00000000ead00000, 0x00000000eae00000|  0%| F|  |TAMS 0x00000000ead00000| PB 0x00000000ead00000| Untracked 
| 174|0x00000000eae00000, 0x00000000eae00000, 0x00000000eaf00000|  0%| F|  |TAMS 0x00000000eae00000| PB 0x00000000eae00000| Untracked 
| 175|0x00000000eaf00000, 0x00000000eaf00000, 0x00000000eb000000|  0%| F|  |TAMS 0x00000000eaf00000| PB 0x00000000eaf00000| Untracked 
| 176|0x00000000eb000000, 0x00000000eb000000, 0x00000000eb100000|  0%| F|  |TAMS 0x00000000eb000000| PB 0x00000000eb000000| Untracked 
| 177|0x00000000eb100000, 0x00000000eb100000, 0x00000000eb200000|  0%| F|  |TAMS 0x00000000eb100000| PB 0x00000000eb100000| Untracked 
| 178|0x00000000eb200000, 0x00000000eb200000, 0x00000000eb300000|  0%| F|  |TAMS 0x00000000eb200000| PB 0x00000000eb200000| Untracked 
| 179|0x00000000eb300000, 0x00000000eb300000, 0x00000000eb400000|  0%| F|  |TAMS 0x00000000eb300000| PB 0x00000000eb300000| Untracked 
| 180|0x00000000eb400000, 0x00000000eb400000, 0x00000000eb500000|  0%| F|  |TAMS 0x00000000eb400000| PB 0x00000000eb400000| Untracked 
| 181|0x00000000eb500000, 0x00000000eb500000, 0x00000000eb600000|  0%| F|  |TAMS 0x00000000eb500000| PB 0x00000000eb500000| Untracked 
| 182|0x00000000eb600000, 0x00000000eb600000, 0x00000000eb700000|  0%| F|  |TAMS 0x00000000eb600000| PB 0x00000000eb600000| Untracked 
| 183|0x00000000eb700000, 0x00000000eb700000, 0x00000000eb800000|  0%| F|  |TAMS 0x00000000eb700000| PB 0x00000000eb700000| Untracked 
| 184|0x00000000eb800000, 0x00000000eb800000, 0x00000000eb900000|  0%| F|  |TAMS 0x00000000eb800000| PB 0x00000000eb800000| Untracked 
| 185|0x00000000eb900000, 0x00000000eb900000, 0x00000000eba00000|  0%| F|  |TAMS 0x00000000eb900000| PB 0x00000000eb900000| Untracked 
| 186|0x00000000eba00000, 0x00000000eba00000, 0x00000000ebb00000|  0%| F|  |TAMS 0x00000000eba00000| PB 0x00000000eba00000| Untracked 
| 187|0x00000000ebb00000, 0x00000000ebb00000, 0x00000000ebc00000|  0%| F|  |TAMS 0x00000000ebb00000| PB 0x00000000ebb00000| Untracked 
| 188|0x00000000ebc00000, 0x00000000ebc00000, 0x00000000ebd00000|  0%| F|  |TAMS 0x00000000ebc00000| PB 0x00000000ebc00000| Untracked 
| 189|0x00000000ebd00000, 0x00000000ebd00000, 0x00000000ebe00000|  0%| F|  |TAMS 0x00000000ebd00000| PB 0x00000000ebd00000| Untracked 
| 190|0x00000000ebe00000, 0x00000000ebe00000, 0x00000000ebf00000|  0%| F|  |TAMS 0x00000000ebe00000| PB 0x00000000ebe00000| Untracked 
| 191|0x00000000ebf00000, 0x00000000ebf00000, 0x00000000ec000000|  0%| F|  |TAMS 0x00000000ebf00000| PB 0x00000000ebf00000| Untracked 
| 192|0x00000000ec000000, 0x00000000ec000000, 0x00000000ec100000|  0%| F|  |TAMS 0x00000000ec000000| PB 0x00000000ec000000| Untracked 
| 193|0x00000000ec100000, 0x00000000ec100000, 0x00000000ec200000|  0%| F|  |TAMS 0x00000000ec100000| PB 0x00000000ec100000| Untracked 
| 194|0x00000000ec200000, 0x00000000ec200000, 0x00000000ec300000|  0%| F|  |TAMS 0x00000000ec200000| PB 0x00000000ec200000| Untracked 
| 195|0x00000000ec300000, 0x00000000ec300000, 0x00000000ec400000|  0%| F|  |TAMS 0x00000000ec300000| PB 0x00000000ec300000| Untracked 
| 196|0x00000000ec400000, 0x00000000ec400000, 0x00000000ec500000|  0%| F|  |TAMS 0x00000000ec400000| PB 0x00000000ec400000| Untracked 
| 197|0x00000000ec500000, 0x00000000ec500000, 0x00000000ec600000|  0%| F|  |TAMS 0x00000000ec500000| PB 0x00000000ec500000| Untracked 
| 198|0x00000000ec600000, 0x00000000ec600000, 0x00000000ec700000|  0%| F|  |TAMS 0x00000000ec600000| PB 0x00000000ec600000| Untracked 
| 199|0x00000000ec700000, 0x00000000ec700000, 0x00000000ec800000|  0%| F|  |TAMS 0x00000000ec700000| PB 0x00000000ec700000| Untracked 
| 200|0x00000000ec800000, 0x00000000ec800000, 0x00000000ec900000|  0%| F|  |TAMS 0x00000000ec800000| PB 0x00000000ec800000| Untracked 
| 201|0x00000000ec900000, 0x00000000ec900000, 0x00000000eca00000|  0%| F|  |TAMS 0x00000000ec900000| PB 0x00000000ec900000| Untracked 
| 202|0x00000000eca00000, 0x00000000eca00000, 0x00000000ecb00000|  0%| F|  |TAMS 0x00000000eca00000| PB 0x00000000eca00000| Untracked 
| 203|0x00000000ecb00000, 0x00000000ecb00000, 0x00000000ecc00000|  0%| F|  |TAMS 0x00000000ecb00000| PB 0x00000000ecb00000| Untracked 
| 204|0x00000000ecc00000, 0x00000000ecc00000, 0x00000000ecd00000|  0%| F|  |TAMS 0x00000000ecc00000| PB 0x00000000ecc00000| Untracked 
| 205|0x00000000ecd00000, 0x00000000ecd00000, 0x00000000ece00000|  0%| F|  |TAMS 0x00000000ecd00000| PB 0x00000000ecd00000| Untracked 
| 206|0x00000000ece00000, 0x00000000ece00000, 0x00000000ecf00000|  0%| F|  |TAMS 0x00000000ece00000| PB 0x00000000ece00000| Untracked 
| 207|0x00000000ecf00000, 0x00000000ecf00000, 0x00000000ed000000|  0%| F|  |TAMS 0x00000000ecf00000| PB 0x00000000ecf00000| Untracked 
| 208|0x00000000ed000000, 0x00000000ed000000, 0x00000000ed100000|  0%| F|  |TAMS 0x00000000ed000000| PB 0x00000000ed000000| Untracked 
| 209|0x00000000ed100000, 0x00000000ed180800, 0x00000000ed200000| 50%| E|  |TAMS 0x00000000ed100000| PB 0x00000000ed100000| Complete 
| 210|0x00000000ed200000, 0x00000000ed300000, 0x00000000ed300000|100%| E|CS|TAMS 0x00000000ed200000| PB 0x00000000ed200000| Complete 
| 211|0x00000000ed300000, 0x00000000ed400000, 0x00000000ed400000|100%| E|CS|TAMS 0x00000000ed300000| PB 0x00000000ed300000| Complete 
| 212|0x00000000ed400000, 0x00000000ed500000, 0x00000000ed500000|100%| E|CS|TAMS 0x00000000ed400000| PB 0x00000000ed400000| Complete 
| 213|0x00000000ed500000, 0x00000000ed600000, 0x00000000ed600000|100%| E|CS|TAMS 0x00000000ed500000| PB 0x00000000ed500000| Complete 
| 214|0x00000000ed600000, 0x00000000ed700000, 0x00000000ed700000|100%| E|CS|TAMS 0x00000000ed600000| PB 0x00000000ed600000| Complete 
| 215|0x00000000ed700000, 0x00000000ed800000, 0x00000000ed800000|100%| E|CS|TAMS 0x00000000ed700000| PB 0x00000000ed700000| Complete 
| 216|0x00000000ed800000, 0x00000000ed900000, 0x00000000ed900000|100%| E|CS|TAMS 0x00000000ed800000| PB 0x00000000ed800000| Complete 
| 217|0x00000000ed900000, 0x00000000eda00000, 0x00000000eda00000|100%| E|CS|TAMS 0x00000000ed900000| PB 0x00000000ed900000| Complete 
| 218|0x00000000eda00000, 0x00000000edb00000, 0x00000000edb00000|100%| E|CS|TAMS 0x00000000eda00000| PB 0x00000000eda00000| Complete 
| 219|0x00000000edb00000, 0x00000000edc00000, 0x00000000edc00000|100%| E|CS|TAMS 0x00000000edb00000| PB 0x00000000edb00000| Complete 
| 220|0x00000000edc00000, 0x00000000edd00000, 0x00000000edd00000|100%| E|CS|TAMS 0x00000000edc00000| PB 0x00000000edc00000| Complete 
| 221|0x00000000edd00000, 0x00000000ede00000, 0x00000000ede00000|100%| E|CS|TAMS 0x00000000edd00000| PB 0x00000000edd00000| Complete 
| 222|0x00000000ede00000, 0x00000000edf00000, 0x00000000edf00000|100%| E|CS|TAMS 0x00000000ede00000| PB 0x00000000ede00000| Complete 
| 223|0x00000000edf00000, 0x00000000ee000000, 0x00000000ee000000|100%| E|CS|TAMS 0x00000000edf00000| PB 0x00000000edf00000| Complete 
| 224|0x00000000ee000000, 0x00000000ee100000, 0x00000000ee100000|100%| E|CS|TAMS 0x00000000ee000000| PB 0x00000000ee000000| Complete 
| 225|0x00000000ee100000, 0x00000000ee200000, 0x00000000ee200000|100%| E|CS|TAMS 0x00000000ee100000| PB 0x00000000ee100000| Complete 
| 226|0x00000000ee200000, 0x00000000ee300000, 0x00000000ee300000|100%| E|CS|TAMS 0x00000000ee200000| PB 0x00000000ee200000| Complete 
| 227|0x00000000ee300000, 0x00000000ee400000, 0x00000000ee400000|100%| E|CS|TAMS 0x00000000ee300000| PB 0x00000000ee300000| Complete 
| 228|0x00000000ee400000, 0x00000000ee500000, 0x00000000ee500000|100%| E|CS|TAMS 0x00000000ee400000| PB 0x00000000ee400000| Complete 
| 229|0x00000000ee500000, 0x00000000ee600000, 0x00000000ee600000|100%| E|CS|TAMS 0x00000000ee500000| PB 0x00000000ee500000| Complete 
| 230|0x00000000ee600000, 0x00000000ee700000, 0x00000000ee700000|100%| E|CS|TAMS 0x00000000ee600000| PB 0x00000000ee600000| Complete 
| 231|0x00000000ee700000, 0x00000000ee800000, 0x00000000ee800000|100%| E|CS|TAMS 0x00000000ee700000| PB 0x00000000ee700000| Complete 
| 232|0x00000000ee800000, 0x00000000ee900000, 0x00000000ee900000|100%| E|CS|TAMS 0x00000000ee800000| PB 0x00000000ee800000| Complete 
| 233|0x00000000ee900000, 0x00000000eea00000, 0x00000000eea00000|100%| E|CS|TAMS 0x00000000ee900000| PB 0x00000000ee900000| Complete 
| 234|0x00000000eea00000, 0x00000000eeb00000, 0x00000000eeb00000|100%| E|CS|TAMS 0x00000000eea00000| PB 0x00000000eea00000| Complete 
| 235|0x00000000eeb00000, 0x00000000eec00000, 0x00000000eec00000|100%| E|CS|TAMS 0x00000000eeb00000| PB 0x00000000eeb00000| Complete 
| 236|0x00000000eec00000, 0x00000000eed00000, 0x00000000eed00000|100%| E|CS|TAMS 0x00000000eec00000| PB 0x00000000eec00000| Complete 
| 237|0x00000000eed00000, 0x00000000eee00000, 0x00000000eee00000|100%| E|CS|TAMS 0x00000000eed00000| PB 0x00000000eed00000| Complete 
| 238|0x00000000eee00000, 0x00000000eef00000, 0x00000000eef00000|100%| E|CS|TAMS 0x00000000eee00000| PB 0x00000000eee00000| Complete 
| 239|0x00000000eef00000, 0x00000000ef000000, 0x00000000ef000000|100%| E|CS|TAMS 0x00000000eef00000| PB 0x00000000eef00000| Complete 
| 240|0x00000000ef000000, 0x00000000ef100000, 0x00000000ef100000|100%| E|CS|TAMS 0x00000000ef000000| PB 0x00000000ef000000| Complete 
| 241|0x00000000ef100000, 0x00000000ef200000, 0x00000000ef200000|100%| E|CS|TAMS 0x00000000ef100000| PB 0x00000000ef100000| Complete 
| 242|0x00000000ef200000, 0x00000000ef300000, 0x00000000ef300000|100%| E|CS|TAMS 0x00000000ef200000| PB 0x00000000ef200000| Complete 
| 243|0x00000000ef300000, 0x00000000ef400000, 0x00000000ef400000|100%| E|CS|TAMS 0x00000000ef300000| PB 0x00000000ef300000| Complete 
| 244|0x00000000ef400000, 0x00000000ef500000, 0x00000000ef500000|100%| E|CS|TAMS 0x00000000ef400000| PB 0x00000000ef400000| Complete 
| 245|0x00000000ef500000, 0x00000000ef600000, 0x00000000ef600000|100%| E|CS|TAMS 0x00000000ef500000| PB 0x00000000ef500000| Complete 
| 246|0x00000000ef600000, 0x00000000ef700000, 0x00000000ef700000|100%| E|CS|TAMS 0x00000000ef600000| PB 0x00000000ef600000| Complete 
| 247|0x00000000ef700000, 0x00000000ef800000, 0x00000000ef800000|100%| E|CS|TAMS 0x00000000ef700000| PB 0x00000000ef700000| Complete 
| 248|0x00000000ef800000, 0x00000000ef900000, 0x00000000ef900000|100%| E|CS|TAMS 0x00000000ef800000| PB 0x00000000ef800000| Complete 
| 249|0x00000000ef900000, 0x00000000efa00000, 0x00000000efa00000|100%| E|CS|TAMS 0x00000000ef900000| PB 0x00000000ef900000| Complete 
| 250|0x00000000efa00000, 0x00000000efb00000, 0x00000000efb00000|100%| E|CS|TAMS 0x00000000efa00000| PB 0x00000000efa00000| Complete 
| 251|0x00000000efb00000, 0x00000000efc00000, 0x00000000efc00000|100%| E|CS|TAMS 0x00000000efb00000| PB 0x00000000efb00000| Complete 
| 252|0x00000000efc00000, 0x00000000efd00000, 0x00000000efd00000|100%| E|CS|TAMS 0x00000000efc00000| PB 0x00000000efc00000| Complete 
| 253|0x00000000efd00000, 0x00000000efe00000, 0x00000000efe00000|100%| E|CS|TAMS 0x00000000efd00000| PB 0x00000000efd00000| Complete 
| 254|0x00000000efe00000, 0x00000000eff00000, 0x00000000eff00000|100%| E|CS|TAMS 0x00000000efe00000| PB 0x00000000efe00000| Complete 
| 255|0x00000000eff00000, 0x00000000f0000000, 0x00000000f0000000|100%| E|CS|TAMS 0x00000000eff00000| PB 0x00000000eff00000| Complete 

Card table byte_map: [0x0000024f240a0000,0x0000024f241a0000] _byte_map_base: 0x0000024f239a0000

Marking Bits: (CMBitMap*) 0x0000024f0c823b60
 Bits: [0x0000024f241a0000, 0x0000024f249a0000)

Polling page: 0x0000024f0a760000

Metaspace:

Usage:
  Non-class:     22.01 MB used.
      Class:      3.83 MB used.
       Both:     25.84 MB used.

Virtual space:
  Non-class space:       64.00 MB reserved,      22.50 MB ( 35%) committed,  1 nodes.
      Class space:      320.00 MB reserved,       4.25 MB (  1%) committed,  1 nodes.
             Both:      384.00 MB reserved,      26.75 MB (  7%) committed. 

Chunk freelists:
   Non-Class:  9.45 MB
       Class:  11.56 MB
        Both:  21.02 MB

MaxMetaspaceSize: 384.00 MB
CompressedClassSpaceSize: 320.00 MB
Initial GC threshold: 21.00 MB
Current GC threshold: 35.12 MB
CDS: on
 - commit_granule_bytes: 65536.
 - commit_granule_words: 8192.
 - virtual_space_node_default_size: 8388608.
 - enlarge_chunks_in_place: 1.
 - use_allocation_guard: 0.


Internal statistics:

num_allocs_failed_limit: 3.
num_arena_births: 1502.
num_arena_deaths: 0.
num_vsnodes_births: 2.
num_vsnodes_deaths: 0.
num_space_committed: 428.
num_space_uncommitted: 0.
num_chunks_returned_to_freelist: 3.
num_chunks_taken_from_freelist: 2729.
num_chunk_merges: 3.
num_chunk_splits: 1706.
num_chunks_enlarged: 1006.
num_inconsistent_stats: 0.

CodeHeap 'non-profiled nmethods': size=120000Kb used=1941Kb max_used=1941Kb free=118058Kb
 bounds [0x0000024f1c740000, 0x0000024f1c9b0000, 0x0000024f23c70000]
CodeHeap 'profiled nmethods': size=120000Kb used=7375Kb max_used=7375Kb free=112624Kb
 bounds [0x0000024f14c70000, 0x0000024f153b0000, 0x0000024f1c1a0000]
CodeHeap 'non-nmethods': size=5760Kb used=1509Kb max_used=1563Kb free=4250Kb
 bounds [0x0000024f1c1a0000, 0x0000024f1c410000, 0x0000024f1c740000]
 total_blobs=4165 nmethods=3582 adapters=487
 compilation: enabled
              stopped_count=0, restarted_count=0
 full_count=0

Compilation events (20 events):
Event: 15.771 Thread 0x0000024f274262a0 3582       3       org.objectweb.asm.ClassReader::readStringish (16 bytes)
Event: 15.772 Thread 0x0000024f274262a0 nmethod 3582 0x0000024f15398f90 code [0x0000024f15399180, 0x0000024f15399498]
Event: 15.772 Thread 0x0000024f274262a0 3583       3       org.objectweb.asm.ClassVisitor::visitMethod (24 bytes)
Event: 15.772 Thread 0x0000024f274262a0 nmethod 3583 0x0000024f15399610 code [0x0000024f153997c0, 0x0000024f15399a00]
Event: 15.773 Thread 0x0000024f274262a0 3584       3       org.objectweb.asm.MethodWriter::computeMethodInfoSize (571 bytes)
Event: 15.775 Thread 0x0000024f274262a0 nmethod 3584 0x0000024f15399b10 code [0x0000024f15399e40, 0x0000024f1539ad78]
Event: 15.775 Thread 0x0000024f274262a0 3585       3       org.objectweb.asm.MethodWriter::hasFrames (13 bytes)
Event: 15.775 Thread 0x0000024f274262a0 nmethod 3585 0x0000024f1539b410 code [0x0000024f1539b5a0, 0x0000024f1539b708]
Event: 15.775 Thread 0x0000024f274262a0 3586       3       org.objectweb.asm.MethodWriter::putMethodInfo (1274 bytes)
Event: 15.780 Thread 0x0000024f274262a0 nmethod 3586 0x0000024f1539b790 code [0x0000024f1539bea0, 0x0000024f1539e680]
Event: 15.799 Thread 0x0000024f274262a0 3588       3       org.objectweb.asm.Type::appendDescriptor (185 bytes)
Event: 15.800 Thread 0x0000024f274262a0 nmethod 3588 0x0000024f1539f990 code [0x0000024f1539fc80, 0x0000024f153a08a8]
Event: 15.800 Thread 0x0000024f274262a0 3589       3       org.objectweb.asm.MethodWriter::visitFieldInsn (258 bytes)
Event: 15.802 Thread 0x0000024f274262a0 nmethod 3589 0x0000024f153a0c90 code [0x0000024f153a0f00, 0x0000024f153a1b08]
Event: 15.802 Thread 0x0000024f274262a0 3587       3       org.objectweb.asm.Type::getDescriptor (18 bytes)
Event: 15.802 Thread 0x0000024f274262a0 nmethod 3587 0x0000024f153a1f10 code [0x0000024f153a2100, 0x0000024f153a24a0]
Event: 15.802 Thread 0x0000024f274262a0 3590       3       org.objectweb.asm.Label::accept (69 bytes)
Event: 15.803 Thread 0x0000024f274262a0 nmethod 3590 0x0000024f153a2610 code [0x0000024f153a2800, 0x0000024f153a2d58]
Event: 15.803 Thread 0x0000024f274262a0 3591       3       org.objectweb.asm.Label::addLineNumber (106 bytes)
Event: 15.803 Thread 0x0000024f274262a0 nmethod 3591 0x0000024f153a2f10 code [0x0000024f153a30e0, 0x0000024f153a3600]

GC Heap History (8 events):
Event: 0.995 GC heap before
{Heap before GC invocations=0 (full 0):
 garbage-first heap   total 262144K, used 23552K [0x00000000e0000000, 0x0000000100000000)
  region size 1024K, 23 young (23552K), 0 survivors (0K)
 Metaspace       used 1112K, committed 1216K, reserved 393216K
  class space    used 78K, committed 128K, reserved 327680K
}
Event: 0.999 GC heap after
{Heap after GC invocations=1 (full 0):
 garbage-first heap   total 262144K, used 4159K [0x00000000e0000000, 0x0000000100000000)
  region size 1024K, 3 young (3072K), 3 survivors (3072K)
 Metaspace       used 1112K, committed 1216K, reserved 393216K
  class space    used 78K, committed 128K, reserved 327680K
}
Event: 2.908 GC heap before
{Heap before GC invocations=1 (full 0):
 garbage-first heap   total 262144K, used 39999K [0x00000000e0000000, 0x0000000100000000)
  region size 1024K, 35 young (35840K), 3 survivors (3072K)
 Metaspace       used 4444K, committed 4608K, reserved 393216K
  class space    used 542K, committed 640K, reserved 327680K
}
Event: 2.926 GC heap after
{Heap after GC invocations=2 (full 0):
 garbage-first heap   total 262144K, used 12475K [0x00000000e0000000, 0x0000000100000000)
  region size 1024K, 4 young (4096K), 4 survivors (4096K)
 Metaspace       used 4444K, committed 4608K, reserved 393216K
  class space    used 542K, committed 640K, reserved 327680K
}
Event: 4.646 GC heap before
{Heap before GC invocations=2 (full 0):
 garbage-first heap   total 262144K, used 58555K [0x00000000e0000000, 0x0000000100000000)
  region size 1024K, 48 young (49152K), 4 survivors (4096K)
 Metaspace       used 5057K, committed 5248K, reserved 393216K
  class space    used 644K, committed 768K, reserved 327680K
}
Event: 4.655 GC heap after
{Heap after GC invocations=3 (full 0):
 garbage-first heap   total 262144K, used 17900K [0x00000000e0000000, 0x0000000100000000)
  region size 1024K, 5 young (5120K), 5 survivors (5120K)
 Metaspace       used 5057K, committed 5248K, reserved 393216K
  class space    used 644K, committed 768K, reserved 327680K
}
Event: 13.325 GC heap before
{Heap before GC invocations=3 (full 0):
 garbage-first heap   total 262144K, used 103916K [0x00000000e0000000, 0x0000000100000000)
  region size 1024K, 90 young (92160K), 5 survivors (5120K)
 Metaspace       used 20881K, committed 21504K, reserved 393216K
  class space    used 2984K, committed 3328K, reserved 327680K
}
Event: 13.401 GC heap after
{Heap after GC invocations=4 (full 0):
 garbage-first heap   total 262144K, used 25323K [0x00000000e0000000, 0x0000000100000000)
  region size 1024K, 12 young (12288K), 12 survivors (12288K)
 Metaspace       used 20881K, committed 21504K, reserved 393216K
  class space    used 2984K, committed 3328K, reserved 327680K
}

Dll operation events (15 events):
Event: 0.013 Loaded shared library C:\Program Files\Java\jdk-21\bin\java.dll
Event: 0.065 Loaded shared library C:\Program Files\Java\jdk-21\bin\jsvml.dll
Event: 0.163 Loaded shared library C:\Program Files\Java\jdk-21\bin\zip.dll
Event: 0.172 Loaded shared library C:\Program Files\Java\jdk-21\bin\instrument.dll
Event: 0.183 Loaded shared library C:\Program Files\Java\jdk-21\bin\net.dll
Event: 0.190 Loaded shared library C:\Program Files\Java\jdk-21\bin\nio.dll
Event: 0.200 Loaded shared library C:\Program Files\Java\jdk-21\bin\zip.dll
Event: 0.652 Loaded shared library C:\Program Files\Java\jdk-21\bin\jimage.dll
Event: 1.099 Loaded shared library C:\Program Files\Java\jdk-21\bin\verify.dll
Event: 1.463 Loaded shared library C:\Users\Tanvi Shetty\.gradle\native\c067742578af261105cb4f569cf0c3c89f3d7b1fecec35dd04571415982c5e48\windows-amd64\native-platform.dll
Event: 1.474 Loaded shared library C:\Users\Tanvi Shetty\.gradle\native\100fb08df4bc3b14c8652ba06237920a3bd2aa13389f12d3474272988ae205f9\windows-amd64\native-platform-file-events.dll
Event: 5.216 Loaded shared library C:\Program Files\Java\jdk-21\bin\management.dll
Event: 5.225 Loaded shared library C:\Program Files\Java\jdk-21\bin\management_ext.dll
Event: 6.061 Loaded shared library C:\Program Files\Java\jdk-21\bin\extnet.dll
Event: 6.610 Loaded shared library C:\Program Files\Java\jdk-21\bin\sunmscapi.dll

Deoptimization events (20 events):
Event: 15.016 Thread 0x0000024f419ab670 Uncommon trap: trap_request=0xffffffc6 fr.pc=0x0000024f1c8c51e8 relative=0x0000000000003be8
Event: 15.016 Thread 0x0000024f419ab670 Uncommon trap: reason=bimorphic_or_optimized_type_check action=maybe_recompile pc=0x0000024f1c8c51e8 method=java.lang.ClassLoader.loadClass(Ljava/lang/String;Z)Ljava/lang/Class; @ 38 c2
Event: 15.016 Thread 0x0000024f419ab670 DEOPT PACKING pc=0x0000024f1c8c51e8 sp=0x000000e1f43fb620
Event: 15.016 Thread 0x0000024f419ab670 DEOPT UNPACKING pc=0x0000024f1c1f46a2 sp=0x000000e1f43fb650 mode 2
Event: 15.022 Thread 0x0000024f419ab670 Uncommon trap: trap_request=0xffffff45 fr.pc=0x0000024f1c8b7278 relative=0x0000000000006a18
Event: 15.022 Thread 0x0000024f419ab670 Uncommon trap: reason=unstable_if action=reinterpret pc=0x0000024f1c8b7278 method=java.net.URLClassLoader.getAndVerifyPackage(Ljava/lang/String;Ljava/util/jar/Manifest;Ljava/net/URL;)Ljava/lang/Package; @ 62 c2
Event: 15.022 Thread 0x0000024f419ab670 DEOPT PACKING pc=0x0000024f1c8b7278 sp=0x000000e1f43fb970
Event: 15.022 Thread 0x0000024f419ab670 DEOPT UNPACKING pc=0x0000024f1c1f46a2 sp=0x000000e1f43fb6f8 mode 2
Event: 15.098 Thread 0x0000024f419ab670 DEOPT PACKING pc=0x0000024f151d4841 sp=0x000000e1f43fa460
Event: 15.098 Thread 0x0000024f419ab670 DEOPT UNPACKING pc=0x0000024f1c1f4e42 sp=0x000000e1f43f9960 mode 0
Event: 15.139 Thread 0x0000024f419ab670 DEOPT PACKING pc=0x0000024f151ca3de sp=0x000000e1f43f9da0
Event: 15.139 Thread 0x0000024f419ab670 DEOPT UNPACKING pc=0x0000024f1c1f4e42 sp=0x000000e1f43f9320 mode 0
Event: 15.261 Thread 0x0000024f419ab670 DEOPT PACKING pc=0x0000024f153531b3 sp=0x000000e1f43fb6b0
Event: 15.261 Thread 0x0000024f419ab670 DEOPT UNPACKING pc=0x0000024f1c1f4e42 sp=0x000000e1f43fab88 mode 0
Event: 15.290 Thread 0x0000024f419ab670 DEOPT PACKING pc=0x0000024f153531b3 sp=0x000000e1f43fb6d0
Event: 15.290 Thread 0x0000024f419ab670 DEOPT UNPACKING pc=0x0000024f1c1f4e42 sp=0x000000e1f43faba8 mode 0
Event: 15.316 Thread 0x0000024f419ab670 DEOPT PACKING pc=0x0000024f153531b3 sp=0x000000e1f43fbf40
Event: 15.316 Thread 0x0000024f419ab670 DEOPT UNPACKING pc=0x0000024f1c1f4e42 sp=0x000000e1f43fb418 mode 0
Event: 15.317 Thread 0x0000024f419ab670 DEOPT PACKING pc=0x0000024f153531b3 sp=0x000000e1f43fba20
Event: 15.317 Thread 0x0000024f419ab670 DEOPT UNPACKING pc=0x0000024f1c1f4e42 sp=0x000000e1f43faef8 mode 0

Classes loaded (20 events):
Event: 14.914 Loading class sun/nio/fs/WindowsPath$1
Event: 14.914 Loading class sun/nio/fs/WindowsPath$1 done
Event: 15.376 Loading class java/util/concurrent/locks/ReentrantReadWriteLock
Event: 15.376 Loading class java/util/concurrent/locks/ReadWriteLock
Event: 15.376 Loading class java/util/concurrent/locks/ReadWriteLock done
Event: 15.376 Loading class java/util/concurrent/locks/ReentrantReadWriteLock done
Event: 15.376 Loading class java/util/concurrent/locks/ReentrantReadWriteLock$NonfairSync
Event: 15.376 Loading class java/util/concurrent/locks/ReentrantReadWriteLock$Sync
Event: 15.376 Loading class java/util/concurrent/locks/ReentrantReadWriteLock$Sync done
Event: 15.376 Loading class java/util/concurrent/locks/ReentrantReadWriteLock$NonfairSync done
Event: 15.377 Loading class java/util/concurrent/locks/ReentrantReadWriteLock$Sync$ThreadLocalHoldCounter
Event: 15.377 Loading class java/util/concurrent/locks/ReentrantReadWriteLock$Sync$ThreadLocalHoldCounter done
Event: 15.377 Loading class java/util/concurrent/locks/ReentrantReadWriteLock$ReadLock
Event: 15.377 Loading class java/util/concurrent/locks/ReentrantReadWriteLock$ReadLock done
Event: 15.377 Loading class java/util/concurrent/locks/ReentrantReadWriteLock$WriteLock
Event: 15.377 Loading class java/util/concurrent/locks/ReentrantReadWriteLock$WriteLock done
Event: 15.417 Loading class java/util/concurrent/Executors$AutoShutdownDelegatedExecutorService
Event: 15.417 Loading class java/util/concurrent/Executors$DelegatedExecutorService
Event: 15.417 Loading class java/util/concurrent/Executors$DelegatedExecutorService done
Event: 15.417 Loading class java/util/concurrent/Executors$AutoShutdownDelegatedExecutorService done

Classes unloaded (0 events):
No events

Classes redefined (0 events):
No events

Internal exceptions (20 events):
Event: 15.245 Thread 0x0000024f419ab670 Exception <a 'java/lang/NoSuchMethodError'{0x00000000edc58690}: static Lorg/jetbrains/plugins/gradle/model/DependencyAccessorsModel;.<clinit>()V> (0x00000000edc58690) 
thrown [s\open\src\hotspot\share\prims\jni.cpp, line 1111]
Event: 15.252 Thread 0x0000024f419ab670 Exception <a 'java/lang/NoSuchMethodError'{0x00000000edc7d670}: static Lcom/intellij/gradle/toolingExtension/impl/model/taskModel/GradleTaskModelProvider;.<clinit>()V> (0x00000000edc7d670) 
thrown [s\open\src\hotspot\share\prims\jni.cpp, line 1111]
Event: 15.256 Thread 0x0000024f419ab670 Exception <a 'java/lang/NoSuchMethodError'{0x00000000edc921b0}: static Lcom/intellij/gradle/toolingExtension/impl/model/sourceSetModel/GradleSourceSetModelProvider;.<clinit>()V> (0x00000000edc921b0) 
thrown [s\open\src\hotspot\share\prims\jni.cpp, line 1111]
Event: 15.260 Thread 0x0000024f419ab670 Exception <a 'java/lang/NoSuchMethodError'{0x00000000edca6ec8}: static Lcom/intellij/gradle/toolingExtension/impl/model/sourceSetDependencyModel/GradleSourceSetDependencyModelProvider;.<clinit>()V> (0x00000000edca6ec8) 
thrown [s\open\src\hotspot\share\prims\jni.cpp, line 1111]
Event: 15.283 Thread 0x0000024f419ab670 Exception <a 'java/lang/NoSuchMethodError'{0x00000000edce1a18}: static Lcom/intellij/gradle/toolingExtension/impl/model/buildScriptClasspathModel/GradleBuildScriptClasspathModelProvider;.<clinit>()V> (0x00000000edce1a18) 
thrown [s\open\src\hotspot\share\prims\jni.cpp, line 1111]
Event: 15.285 Thread 0x0000024f419ab670 Exception <a 'java/lang/NoSuchMethodError'{0x00000000edcf1a80}: static Lorg/jetbrains/plugins/gradle/model/ExternalProjectDependency;.<clinit>()V> (0x00000000edcf1a80) 
thrown [s\open\src\hotspot\share\prims\jni.cpp, line 1111]
Event: 15.290 Thread 0x0000024f419ab670 Exception <a 'java/lang/NoSuchMethodError'{0x00000000edcfed38}: static Lorg/jetbrains/plugins/gradle/model/ExternalLibraryDependency;.<clinit>()V> (0x00000000edcfed38) 
thrown [s\open\src\hotspot\share\prims\jni.cpp, line 1111]
Event: 15.292 Thread 0x0000024f419ab670 Exception <a 'java/lang/NoSuchMethodError'{0x00000000edb0be90}: static Lorg/jetbrains/plugins/gradle/model/FileCollectionDependency;.<clinit>()V> (0x00000000edb0be90) 
thrown [s\open\src\hotspot\share\prims\jni.cpp, line 1111]
Event: 15.293 Thread 0x0000024f419ab670 Exception <a 'java/lang/NoSuchMethodError'{0x00000000edb18678}: static Lorg/jetbrains/plugins/gradle/model/UnresolvedExternalDependency;.<clinit>()V> (0x00000000edb18678) 
thrown [s\open\src\hotspot\share\prims\jni.cpp, line 1111]
Event: 15.318 Thread 0x0000024f419ab670 Exception <a 'java/lang/NoSuchMethodError'{0x00000000edbc8580}: static Lorg/gradle/tooling/internal/consumer/versioning/VersionDetails;.<clinit>()V> (0x00000000edbc8580) 
thrown [s\open\src\hotspot\share\prims\jni.cpp, line 1111]
Event: 15.318 Thread 0x0000024f419ab670 Exception <a 'java/lang/NoSuchMethodError'{0x00000000edbcb1f0}: static Lorg/gradle/tooling/internal/consumer/versioning/VersionDetails$R26VersionDetails;.<clinit>()V> (0x00000000edbcb1f0) 
thrown [s\open\src\hotspot\share\prims\jni.cpp, line 1111]
Event: 15.319 Thread 0x0000024f419ab670 Exception <a 'java/lang/NoSuchMethodError'{0x00000000edbcc888}: static Lorg/gradle/tooling/internal/consumer/versioning/VersionDetails$R28VersionDetails;.<clinit>()V> (0x00000000edbcc888) 
thrown [s\open\src\hotspot\share\prims\jni.cpp, line 1111]
Event: 15.319 Thread 0x0000024f419ab670 Exception <a 'java/lang/NoSuchMethodError'{0x00000000edbcde30}: static Lorg/gradle/tooling/internal/consumer/versioning/VersionDetails$R35VersionDetails;.<clinit>()V> (0x00000000edbcde30) 
thrown [s\open\src\hotspot\share\prims\jni.cpp, line 1111]
Event: 15.320 Thread 0x0000024f419ab670 Exception <a 'java/lang/NoSuchMethodError'{0x00000000edbcf5a0}: static Lorg/gradle/tooling/internal/consumer/versioning/VersionDetails$R44VersionDetails;.<clinit>()V> (0x00000000edbcf5a0) 
thrown [s\open\src\hotspot\share\prims\jni.cpp, line 1111]
Event: 15.320 Thread 0x0000024f419ab670 Exception <a 'java/lang/NoSuchMethodError'{0x00000000edbd0c48}: static Lorg/gradle/tooling/internal/consumer/versioning/VersionDetails$R48VersionDetails;.<clinit>()V> (0x00000000edbd0c48) 
thrown [s\open\src\hotspot\share\prims\jni.cpp, line 1111]
Event: 15.320 Thread 0x0000024f419ab670 Exception <a 'java/lang/NoSuchMethodError'{0x00000000edbd1ee0}: static Lorg/gradle/tooling/internal/consumer/versioning/VersionDetails$R51VersionDetails;.<clinit>()V> (0x00000000edbd1ee0) 
thrown [s\open\src\hotspot\share\prims\jni.cpp, line 1111]
Event: 15.330 Thread 0x0000024f419ab670 Exception <a 'java/lang/NoSuchMethodError'{0x00000000edbefa10}: 'java.lang.Object java.lang.invoke.DirectMethodHandle$Holder.newInvokeSpecial(java.lang.Object, java.lang.Object, java.lang.Object, int)'> (0x00000000edbefa10) 
thrown [s\open\src\hotspot\share\interpreter\linkResolver.cpp, line 773]
Event: 15.331 Thread 0x0000024f419ab670 Exception <a 'java/lang/NoSuchMethodError'{0x00000000edbf3e18}: 'java.lang.Object java.lang.invoke.DirectMethodHandle$Holder.invokeSpecial(java.lang.Object, java.lang.Object, java.lang.Object, java.lang.Object, int)'> (0x00000000edbf3e18) 
thrown [s\open\src\hotspot\share\interpreter\linkResolver.cpp, line 773]
Event: 15.332 Thread 0x0000024f419ab670 Exception <a 'java/lang/NoSuchMethodError'{0x00000000edbf7a10}: 'java.lang.Object java.lang.invoke.Invokers$Holder.linkToTargetMethod(java.lang.Object, java.lang.Object, int, java.lang.Object)'> (0x00000000edbf7a10) 
thrown [s\open\src\hotspot\share\interpreter\linkResolver.cpp, line 773]
Event: 15.587 Thread 0x0000024f419ab670 Exception <a 'java/lang/NoSuchMethodError'{0x00000000ed79a140}: 'void java.lang.invoke.DirectMethodHandle$Holder.invokeStaticInit(java.lang.Object, java.lang.Object, java.lang.Object, java.lang.Object)'> (0x00000000ed79a140) 
thrown [s\open\src\hotspot\share\interpreter\linkResolver.cpp, line 773]

ZGC Phase Switch (0 events):
No events

VM Operations (20 events):
Event: 10.417 Executing VM operation: HandshakeAllThreads (Deoptimize)
Event: 10.417 Executing VM operation: HandshakeAllThreads (Deoptimize) done
Event: 10.418 Executing VM operation: HandshakeAllThreads (Deoptimize)
Event: 10.418 Executing VM operation: HandshakeAllThreads (Deoptimize) done
Event: 11.433 Executing VM operation: Cleanup
Event: 11.433 Executing VM operation: Cleanup done
Event: 12.446 Executing VM operation: Cleanup
Event: 12.465 Executing VM operation: Cleanup done
Event: 13.325 Executing VM operation: CollectForMetadataAllocation (Metadata GC Threshold)
Event: 13.401 Executing VM operation: CollectForMetadataAllocation (Metadata GC Threshold) done
Event: 13.416 Executing VM operation: G1PauseRemark
Event: 13.421 Executing VM operation: G1PauseRemark done
Event: 13.424 Executing VM operation: G1PauseCleanup
Event: 13.424 Executing VM operation: G1PauseCleanup done
Event: 14.434 Executing VM operation: Cleanup
Event: 14.435 Executing VM operation: Cleanup done
Event: 14.794 Executing VM operation: HandshakeAllThreads (Deoptimize)
Event: 14.795 Executing VM operation: HandshakeAllThreads (Deoptimize) done
Event: 14.797 Executing VM operation: HandshakeAllThreads (Deoptimize)
Event: 14.797 Executing VM operation: HandshakeAllThreads (Deoptimize) done

Events (20 events):
Event: 6.967 Thread 0x0000024f419ab670 Thread added: 0x0000024f419ab670
Event: 6.998 Thread 0x0000024f419a8f10 Thread added: 0x0000024f419a8f10
Event: 7.008 Thread 0x0000024f419aafe0 Thread added: 0x0000024f419aafe0
Event: 7.013 Thread 0x0000024f419abd00 Thread added: 0x0000024f419abd00
Event: 9.375 Thread 0x0000024f419a95a0 Thread added: 0x0000024f419a95a0
Event: 9.397 Thread 0x0000024f419ac390 Thread added: 0x0000024f419ac390
Event: 9.430 Thread 0x0000024f419a9c30 Thread added: 0x0000024f419a9c30
Event: 9.568 Thread 0x0000024f419aa2c0 Thread added: 0x0000024f419aa2c0
Event: 13.952 Thread 0x0000024f43d732d0 Thread added: 0x0000024f43d732d0
Event: 14.001 Thread 0x0000024f43d73ff0 Thread added: 0x0000024f43d73ff0
Event: 14.556 Thread 0x0000024f43d6f130 Thread added: 0x0000024f43d6f130
Event: 14.581 Thread 0x0000024f43d704e0 Thread added: 0x0000024f43d704e0
Event: 14.908 Thread 0x0000024f43d6eaa0 Thread added: 0x0000024f43d6eaa0
Event: 14.908 Thread 0x0000024f43d72c40 Thread added: 0x0000024f43d72c40
Event: 14.909 Thread 0x0000024f43d73960 Thread added: 0x0000024f43d73960
Event: 14.909 Thread 0x0000024f43d6d060 Thread added: 0x0000024f43d6d060
Event: 14.909 Thread 0x0000024f43d74680 Thread added: 0x0000024f43d74680
Event: 14.909 Thread 0x0000024f43d71890 Thread added: 0x0000024f43d71890
Event: 14.909 Thread 0x0000024f43d6d6f0 Thread added: 0x0000024f43d6d6f0
Event: 14.910 Thread 0x0000024f43d6f7c0 Thread added: 0x0000024f43d6f7c0


Dynamic libraries:
0x00007ff6f3a30000 - 0x00007ff6f3a40000 	C:\Program Files\Java\jdk-21\bin\java.exe
0x00007ff9cd250000 - 0x00007ff9cd467000 	C:\WINDOWS\SYSTEM32\ntdll.dll
0x00007ff9cbe60000 - 0x00007ff9cbf24000 	C:\WINDOWS\System32\KERNEL32.DLL
0x00007ff9cab60000 - 0x00007ff9caf17000 	C:\WINDOWS\System32\KERNELBASE.dll
0x00007ff9ca8d0000 - 0x00007ff9ca9e1000 	C:\WINDOWS\System32\ucrtbase.dll
0x00007ff9c5fc0000 - 0x00007ff9c5fdb000 	C:\Program Files\Java\jdk-21\bin\VCRUNTIME140.dll
0x00007ff9c5c20000 - 0x00007ff9c5c39000 	C:\Program Files\Java\jdk-21\bin\jli.dll
0x00007ff9cbf30000 - 0x00007ff9cbfe2000 	C:\WINDOWS\System32\ADVAPI32.dll
0x00007ff9cd160000 - 0x00007ff9cd207000 	C:\WINDOWS\System32\msvcrt.dll
0x00007ff9cc470000 - 0x00007ff9cc518000 	C:\WINDOWS\System32\sechost.dll
0x00007ff9caf20000 - 0x00007ff9caf48000 	C:\WINDOWS\System32\bcrypt.dll
0x00007ff9cc340000 - 0x00007ff9cc454000 	C:\WINDOWS\System32\RPCRT4.dll
0x00007ff9cb620000 - 0x00007ff9cb7cf000 	C:\WINDOWS\System32\USER32.dll
0x00007ff9caf50000 - 0x00007ff9caf76000 	C:\WINDOWS\System32\win32u.dll
0x00007ff9b2150000 - 0x00007ff9b23e3000 	C:\WINDOWS\WinSxS\amd64_microsoft.windows.common-controls_6595b64144ccf1df_6.0.22621.3672_none_2713b9d173822955\COMCTL32.dll
0x00007ff9cb190000 - 0x00007ff9cb1b9000 	C:\WINDOWS\System32\GDI32.dll
0x00007ff9ca620000 - 0x00007ff9ca738000 	C:\WINDOWS\System32\gdi32full.dll
0x00007ff9ca7c0000 - 0x00007ff9ca85a000 	C:\WINDOWS\System32\msvcp_win.dll
0x00007ff9c1fa0000 - 0x00007ff9c1faa000 	C:\WINDOWS\SYSTEM32\VERSION.dll
0x00007ff9cc300000 - 0x00007ff9cc331000 	C:\WINDOWS\System32\IMM32.DLL
0x00007ff9c5ef0000 - 0x00007ff9c5efc000 	C:\Program Files\Java\jdk-21\bin\vcruntime140_1.dll
0x00007ff9b4190000 - 0x00007ff9b421e000 	C:\Program Files\Java\jdk-21\bin\msvcp140.dll
0x00007ff98aa10000 - 0x00007ff98b71d000 	C:\Program Files\Java\jdk-21\bin\server\jvm.dll
0x00007ff9cc870000 - 0x00007ff9cc8e1000 	C:\WINDOWS\System32\WS2_32.dll
0x00007ff9ca430000 - 0x00007ff9ca47d000 	C:\WINDOWS\SYSTEM32\POWRPROF.dll
0x00007ff9c4bc0000 - 0x00007ff9c4bf4000 	C:\WINDOWS\SYSTEM32\WINMM.dll
0x00007ff9ca410000 - 0x00007ff9ca423000 	C:\WINDOWS\SYSTEM32\UMPDC.dll
0x00007ff9c95b0000 - 0x00007ff9c95c8000 	C:\WINDOWS\SYSTEM32\kernel.appcore.dll
0x00007ff9c5c10000 - 0x00007ff9c5c1a000 	C:\Program Files\Java\jdk-21\bin\jimage.dll
0x00007ff9c7cf0000 - 0x00007ff9c7f22000 	C:\WINDOWS\SYSTEM32\DBGHELP.DLL
0x00007ff9cb1c0000 - 0x00007ff9cb54e000 	C:\WINDOWS\System32\combase.dll
0x00007ff9cc220000 - 0x00007ff9cc2f7000 	C:\WINDOWS\System32\OLEAUT32.dll
0x00007ff9aa460000 - 0x00007ff9aa492000 	C:\WINDOWS\SYSTEM32\dbgcore.DLL
0x00007ff9ca740000 - 0x00007ff9ca7bb000 	C:\WINDOWS\System32\bcryptPrimitives.dll
0x00007ff9c5c00000 - 0x00007ff9c5c0f000 	C:\Program Files\Java\jdk-21\bin\instrument.dll
0x00007ff9c4f00000 - 0x00007ff9c4f1f000 	C:\Program Files\Java\jdk-21\bin\java.dll
0x00007ff9cc8f0000 - 0x00007ff9cd159000 	C:\WINDOWS\System32\SHELL32.dll
0x00007ff9c84d0000 - 0x00007ff9c8dcf000 	C:\WINDOWS\SYSTEM32\windows.storage.dll
0x00007ff9c8390000 - 0x00007ff9c84cf000 	C:\WINDOWS\SYSTEM32\wintypes.dll
0x00007ff9cbc60000 - 0x00007ff9cbd59000 	C:\WINDOWS\System32\SHCORE.dll
0x00007ff9cc580000 - 0x00007ff9cc5de000 	C:\WINDOWS\System32\shlwapi.dll
0x00007ff9ca490000 - 0x00007ff9ca4b7000 	C:\WINDOWS\SYSTEM32\profapi.dll
0x00007ff9b38e0000 - 0x00007ff9b39b7000 	C:\Program Files\Java\jdk-21\bin\jsvml.dll
0x00007ff9c2e40000 - 0x00007ff9c2e58000 	C:\Program Files\Java\jdk-21\bin\zip.dll
0x00007ff9c2e30000 - 0x00007ff9c2e40000 	C:\Program Files\Java\jdk-21\bin\net.dll
0x00007ff9c5500000 - 0x00007ff9c5636000 	C:\WINDOWS\SYSTEM32\WINHTTP.dll
0x00007ff9c9a20000 - 0x00007ff9c9a89000 	C:\WINDOWS\system32\mswsock.dll
0x00007ff9c2980000 - 0x00007ff9c2996000 	C:\Program Files\Java\jdk-21\bin\nio.dll
0x00007ff9c23a0000 - 0x00007ff9c23b0000 	C:\Program Files\Java\jdk-21\bin\verify.dll
0x00007ff9b37d0000 - 0x00007ff9b37f7000 	C:\Users\Tanvi Shetty\.gradle\native\c067742578af261105cb4f569cf0c3c89f3d7b1fecec35dd04571415982c5e48\windows-amd64\native-platform.dll
0x00007ff997270000 - 0x00007ff9973b4000 	C:\Users\Tanvi Shetty\.gradle\native\100fb08df4bc3b14c8652ba06237920a3bd2aa13389f12d3474272988ae205f9\windows-amd64\native-platform-file-events.dll
0x00007ff9c2390000 - 0x00007ff9c239a000 	C:\Program Files\Java\jdk-21\bin\management.dll
0x00007ff9c2380000 - 0x00007ff9c238b000 	C:\Program Files\Java\jdk-21\bin\management_ext.dll
0x00007ff9cb610000 - 0x00007ff9cb618000 	C:\WINDOWS\System32\PSAPI.DLL
0x00007ff9c9c70000 - 0x00007ff9c9c8b000 	C:\WINDOWS\SYSTEM32\CRYPTSP.dll
0x00007ff9c9510000 - 0x00007ff9c9545000 	C:\WINDOWS\system32\rsaenh.dll
0x00007ff9c9b10000 - 0x00007ff9c9b38000 	C:\WINDOWS\SYSTEM32\USERENV.dll
0x00007ff9c9c90000 - 0x00007ff9c9c9c000 	C:\WINDOWS\SYSTEM32\CRYPTBASE.dll
0x00007ff9c9030000 - 0x00007ff9c905d000 	C:\WINDOWS\SYSTEM32\IPHLPAPI.DLL
0x00007ff9cbc50000 - 0x00007ff9cbc59000 	C:\WINDOWS\System32\NSI.dll
0x00007ff9c2200000 - 0x00007ff9c2209000 	C:\Program Files\Java\jdk-21\bin\extnet.dll
0x00007ff9c21f0000 - 0x00007ff9c21fe000 	C:\Program Files\Java\jdk-21\bin\sunmscapi.dll
0x00007ff9ca9f0000 - 0x00007ff9cab56000 	C:\WINDOWS\System32\CRYPT32.dll
0x00007ff9c9e30000 - 0x00007ff9c9e5d000 	C:\WINDOWS\SYSTEM32\ncrypt.dll
0x00007ff9c9df0000 - 0x00007ff9c9e27000 	C:\WINDOWS\SYSTEM32\NTASN1.dll
0x00007ff9769f0000 - 0x00007ff9769f8000 	C:\WINDOWS\system32\wshunix.dll

dbghelp: loaded successfully - version: 4.0.5 - missing functions: none
symbol engine: initialized successfully - sym options: 0x614 - pdb path: .;C:\Program Files\Java\jdk-21\bin;C:\WINDOWS\SYSTEM32;C:\WINDOWS\WinSxS\amd64_microsoft.windows.common-controls_6595b64144ccf1df_6.0.22621.3672_none_2713b9d173822955;C:\Program Files\Java\jdk-21\bin\server;C:\Users\Tanvi Shetty\.gradle\native\c067742578af261105cb4f569cf0c3c89f3d7b1fecec35dd04571415982c5e48\windows-amd64;C:\Users\Tanvi Shetty\.gradle\native\100fb08df4bc3b14c8652ba06237920a3bd2aa13389f12d3474272988ae205f9\windows-amd64

VM Arguments:
jvm_args: --add-opens=java.base/java.util=ALL-UNNAMED --add-opens=java.base/java.lang=ALL-UNNAMED --add-opens=java.base/java.lang.invoke=ALL-UNNAMED --add-opens=java.prefs/java.util.prefs=ALL-UNNAMED --add-exports=jdk.compiler/com.sun.tools.javac.api=ALL-UNNAMED --add-exports=jdk.compiler/com.sun.tools.javac.util=ALL-UNNAMED --add-opens=java.base/java.nio.charset=ALL-UNNAMED --add-opens=java.base/java.net=ALL-UNNAMED --add-opens=java.base/java.util.concurrent.atomic=ALL-UNNAMED -XX:MaxMetaspaceSize=384m -XX:+HeapDumpOnOutOfMemoryError -Xms256m -Xmx512m -Dfile.encoding=windows-1252 -Duser.country=IN -Duser.language=en -Duser.variant -javaagent:C:\Users\Tanvi Shetty\.gradle\wrapper\dists\gradle-8.10.2-bin\a04bxjujx95o3nb99gddekhwo\gradle-8.10.2\lib\agents\gradle-instrumentation-agent-8.10.2.jar 
java_command: org.gradle.launcher.daemon.bootstrap.GradleDaemon 8.10.2
java_class_path (initial): C:\Users\Tanvi Shetty\.gradle\wrapper\dists\gradle-8.10.2-bin\a04bxjujx95o3nb99gddekhwo\gradle-8.10.2\lib\gradle-daemon-main-8.10.2.jar
Launcher Type: SUN_STANDARD

[Global flags]
     intx CICompilerCount                          = 4                                         {product} {ergonomic}
   size_t CompressedClassSpaceSize                 = 335544320                                 {product} {ergonomic}
     uint ConcGCThreads                            = 2                                         {product} {ergonomic}
     uint G1ConcRefinementThreads                  = 8                                         {product} {ergonomic}
   size_t G1HeapRegionSize                         = 1048576                                   {product} {ergonomic}
    uintx GCDrainStackTargetSize                   = 64                                        {product} {ergonomic}
     bool HeapDumpOnOutOfMemoryError               = true                                   {manageable} {command line}
   size_t InitialHeapSize                          = 268435456                                 {product} {command line}
   size_t MarkStackSize                            = 4194304                                   {product} {ergonomic}
   size_t MaxHeapSize                              = 536870912                                 {product} {command line}
   size_t MaxMetaspaceSize                         = 402653184                                 {product} {command line}
   size_t MaxNewSize                               = 321912832                                 {product} {ergonomic}
   size_t MinHeapDeltaBytes                        = 1048576                                   {product} {ergonomic}
   size_t MinHeapSize                              = 268435456                                 {product} {command line}
    uintx NonNMethodCodeHeapSize                   = 5839372                                {pd product} {ergonomic}
    uintx NonProfiledCodeHeapSize                  = 122909434                              {pd product} {ergonomic}
    uintx ProfiledCodeHeapSize                     = 122909434                              {pd product} {ergonomic}
    uintx ReservedCodeCacheSize                    = 251658240                              {pd product} {ergonomic}
     bool SegmentedCodeCache                       = true                                      {product} {ergonomic}
   size_t SoftMaxHeapSize                          = 536870912                              {manageable} {ergonomic}
     bool UseCompressedOops                        = true                           {product lp64_product} {ergonomic}
     bool UseG1GC                                  = true                                      {product} {ergonomic}
     bool UseLargePagesIndividualAllocation        = false                                  {pd product} {ergonomic}

Logging:
Log output configuration:
 #0: stdout all=warning uptime,level,tags foldmultilines=false
 #1: stderr all=off uptime,level,tags foldmultilines=false

Environment Variables:
JAVA_HOME=C:\Program Files\Java\jdk-21
PATH=C:\Program Files\Common Files\Oracle\Java\javapath;C:\WINDOWS\system32;C:\WINDOWS;C:\WINDOWS\System32\Wbem;C:\WINDOWS\System32\WindowsPowerShell\v1.0\;C:\WINDOWS\System32\OpenSSH\;C:\Program Files\Java\jdk1.8.0_60;C:\Program Files\Java\jdk1.8.0_60;C:\Program Files\MySQL\MySQL Server 8.0\bin;C:\Program Files\nodejs\;C:\Program Files\HP\HP One Agent;C:\Program Files\gradle-8.6\bin;%JAVA_HOME%\bin;C:\Program Files\Git\cmd;C:\Program Files\MongoDB\Server\7.0\bin;C:\Program Files\OpenSSL-Win64\bin;C:\Program Files\OpenSSL-Win64\bin;C:\Program Files\consul_1.19.2_windows_amd64;C:\Program Files\MySQL\MySQL Shell 8.0\bin\;C:\Users\Tanvi Shetty\AppData\Local\Programs\Python\Python310\Scripts\;C:\Users\Tanvi Shetty\AppData\Local\Programs\Python\Python310\;C:\Users\Tanvi Shetty\AppData\Local\Microsoft\WindowsApps;C:\Users\Tanvi Shetty\AppData\Local\Programs\Microsoft VS Code\bin;C:\Windows\System32;C:\Program Files\nodejs;C:\Program Files\nodejs\node_modules\npm\bin\npm;C:\Program Files\Java\jdk-21\bin;C:\Program Files\Java\jdk-21\bin;C:\Program Files\JetBrains\IntelliJ IDEA Community Edition 2024.1.1\bin;;C:\Program Files\mongosh\;C:\Users\Tanvi Shetty\Downloads\consul_1.19.2_windows_386;
USERNAME=Tanvi Shetty
OS=Windows_NT
PROCESSOR_IDENTIFIER=Intel64 Family 6 Model 142 Stepping 12, GenuineIntel
TMP=C:\Users\TANVIS~1\AppData\Local\Temp
TEMP=C:\Users\TANVIS~1\AppData\Local\Temp




Periodic native trim disabled

---------------  S Y S T E M  ---------------

OS:
 Windows 11 , 64 bit Build 22621 (10.0.22621.3958)
OS uptime: 6 days 20:19 hours

CPU: total 8 (initial active 8) (4 cores per cpu, 2 threads per core) family 6 model 142 stepping 12 microcode 0xec, cx8, cmov, fxsr, ht, mmx, 3dnowpref, sse, sse2, sse3, ssse3, sse4.1, sse4.2, popcnt, lzcnt, tsc, tscinvbit, avx, avx2, aes, erms, clmul, bmi1, bmi2, adx, fma, vzeroupper, clflush, clflushopt, rdtscp, f16c
Processor Information for all 8 processors :
  Max Mhz: 2112, Current Mhz: 1609, Mhz Limit: 1605

Memory: 4k page, system-wide physical 8014M (187M free)
TotalPageFile size 32590M (AvailPageFile size 13M)
current process WorkingSet (physical memory assigned to process): 210M, peak: 213M
current process commit charge ("private bytes"): 429M, peak: 430M

vm_info: Java HotSpot(TM) 64-Bit Server VM (21.0.3+7-LTS-152) for windows-amd64 JRE (21.0.3+7-LTS-152), built on 2024-03-11T17:42:26Z by "mach5one" with MS VC++ 17.6 (VS2022)

END.
